2025-08-14T10:50:57.070-03:00  INFO 16340 --- [api-java-smart-contracts] [restartedMain] b.a.ApiJavaSmartContractsApplication     : Starting ApiJavaSmartContractsApplication using Java 21.0.8 with PID 16340 (C:\Users\DELL\api-java-smart-contracts\backend\target\classes started by DELL in C:\Users\DELL\api-java-smart-contracts\backend)
2025-08-14T10:50:57.090-03:00  INFO 16340 --- [api-java-smart-contracts] [restartedMain] b.a.ApiJavaSmartContractsApplication     : No active profile set, falling back to 1 default profile: "default"
2025-08-14T10:50:57.171-03:00  INFO 16340 --- [api-java-smart-contracts] [restartedMain] .e.DevToolsPropertyDefaultsPostProcessor : Devtools property defaults active! Set 'spring.devtools.add-properties' to 'false' to disable
2025-08-14T10:50:57.171-03:00  INFO 16340 --- [api-java-smart-contracts] [restartedMain] .e.DevToolsPropertyDefaultsPostProcessor : For additional web related logging consider setting the 'logging.level.web' property to 'DEBUG'
2025-08-14T10:50:58.361-03:00  INFO 16340 --- [api-java-smart-contracts] [restartedMain] .s.d.r.c.RepositoryConfigurationDelegate : Bootstrapping Spring Data JPA repositories in DEFAULT mode.
2025-08-14T10:50:58.450-03:00  INFO 16340 --- [api-java-smart-contracts] [restartedMain] .s.d.r.c.RepositoryConfigurationDelegate : Finished Spring Data repository scanning in 79 ms. Found 2 JPA repository interfaces.
2025-08-14T10:50:59.371-03:00  INFO 16340 --- [api-java-smart-contracts] [restartedMain] o.s.b.w.embedded.tomcat.TomcatWebServer  : Tomcat initialized with port 8080 (http)
2025-08-14T10:50:59.390-03:00  INFO 16340 --- [api-java-smart-contracts] [restartedMain] o.apache.catalina.core.StandardService   : Starting service [Tomcat]
2025-08-14T10:50:59.390-03:00  INFO 16340 --- [api-java-smart-contracts] [restartedMain] o.apache.catalina.core.StandardEngine    : Starting Servlet engine: [Apache Tomcat/10.1.25]
2025-08-14T10:50:59.484-03:00  INFO 16340 --- [api-java-smart-contracts] [restartedMain] o.a.c.c.C.[Tomcat].[localhost].[/]       : Initializing Spring embedded WebApplicationContext
2025-08-14T10:50:59.486-03:00  INFO 16340 --- [api-java-smart-contracts] [restartedMain] w.s.c.ServletWebServerApplicationContext : Root WebApplicationContext: initialization completed in 2305 ms
2025-08-14T10:50:59.680-03:00  INFO 16340 --- [api-java-smart-contracts] [restartedMain] o.hibernate.jpa.internal.util.LogHelper  : HHH000204: Processing PersistenceUnitInfo [name: default]
2025-08-14T10:50:59.764-03:00  INFO 16340 --- [api-java-smart-contracts] [restartedMain] org.hibernate.Version                    : HHH000412: Hibernate ORM core version 6.4.9.Final
2025-08-14T10:50:59.810-03:00  INFO 16340 --- [api-java-smart-contracts] [restartedMain] o.h.c.internal.RegionFactoryInitiator    : HHH000026: Second-level cache disabled
2025-08-14T10:51:00.060-03:00  INFO 16340 --- [api-java-smart-contracts] [restartedMain] o.s.o.j.p.SpringPersistenceUnitInfo      : No LoadTimeWeaver setup: ignoring JPA class transformer
2025-08-14T10:51:00.096-03:00  INFO 16340 --- [api-java-smart-contracts] [restartedMain] com.zaxxer.hikari.HikariDataSource       : HikariPool-1 - Starting...
2025-08-14T10:51:00.845-03:00  INFO 16340 --- [api-java-smart-contracts] [restartedMain] com.zaxxer.hikari.pool.HikariPool        : HikariPool-1 - Added connection com.mysql.cj.jdbc.ConnectionImpl@2f7d6fb4
2025-08-14T10:51:00.850-03:00  INFO 16340 --- [api-java-smart-contracts] [restartedMain] com.zaxxer.hikari.HikariDataSource       : HikariPool-1 - Start completed.
2025-08-14T10:51:02.047-03:00  INFO 16340 --- [api-java-smart-contracts] [restartedMain] o.h.e.t.j.p.i.JtaPlatformInitiator       : HHH000489: No JTA platform available (set 'hibernate.transaction.jta.platform' to enable JTA platform integration)
2025-08-14T10:51:02.204-03:00  INFO 16340 --- [api-java-smart-contracts] [restartedMain] j.LocalContainerEntityManagerFactoryBean : Initialized JPA EntityManagerFactory for persistence unit 'default'
2025-08-14T10:51:02.843-03:00 DEBUG 16340 --- [api-java-smart-contracts] [restartedMain] org.web3j.protocol.http.HttpService      : --> POST http://localhost:8545/
2025-08-14T10:51:02.843-03:00 DEBUG 16340 --- [api-java-smart-contracts] [restartedMain] org.web3j.protocol.http.HttpService      : Content-Type: application/json; charset=utf-8
2025-08-14T10:51:02.843-03:00 DEBUG 16340 --- [api-java-smart-contracts] [restartedMain] org.web3j.protocol.http.HttpService      : Content-Length: 66
2025-08-14T10:51:02.843-03:00 DEBUG 16340 --- [api-java-smart-contracts] [restartedMain] org.web3j.protocol.http.HttpService      : 
2025-08-14T10:51:02.843-03:00 DEBUG 16340 --- [api-java-smart-contracts] [restartedMain] org.web3j.protocol.http.HttpService      : {"jsonrpc":"2.0","method":"web3_clientVersion","params":[],"id":0}
2025-08-14T10:51:02.843-03:00 DEBUG 16340 --- [api-java-smart-contracts] [restartedMain] org.web3j.protocol.http.HttpService      : --> END POST (66-byte body)
2025-08-14T10:51:02.873-03:00 DEBUG 16340 --- [api-java-smart-contracts] [restartedMain] org.web3j.protocol.http.HttpService      : <-- HTTP FAILED: java.net.ConnectException: Failed to connect to localhost/[0:0:0:0:0:0:0:1]:8545
2025-08-14T10:51:02.873-03:00 ERROR 16340 --- [api-java-smart-contracts] [restartedMain] b.a.service.BlockchainService            : Erro ao conectar ao nó Ethereum: Failed to connect to localhost/[0:0:0:0:0:0:0:1]:8545

java.net.ConnectException: Failed to connect to localhost/[0:0:0:0:0:0:0:1]:8545
	at okhttp3.internal.connection.RealConnection.connectSocket(RealConnection.kt:297) ~[okhttp-4.12.0.jar:na]
	at okhttp3.internal.connection.RealConnection.connect(RealConnection.kt:207) ~[okhttp-4.12.0.jar:na]
	at okhttp3.internal.connection.ExchangeFinder.findConnection(ExchangeFinder.kt:226) ~[okhttp-4.12.0.jar:na]
	at okhttp3.internal.connection.ExchangeFinder.findHealthyConnection(ExchangeFinder.kt:106) ~[okhttp-4.12.0.jar:na]
	at okhttp3.internal.connection.ExchangeFinder.find(ExchangeFinder.kt:74) ~[okhttp-4.12.0.jar:na]
	at okhttp3.internal.connection.RealCall.initExchange$okhttp(RealCall.kt:255) ~[okhttp-4.12.0.jar:na]
	at okhttp3.internal.connection.ConnectInterceptor.intercept(ConnectInterceptor.kt:32) ~[okhttp-4.12.0.jar:na]
	at okhttp3.internal.http.RealInterceptorChain.proceed(RealInterceptorChain.kt:109) ~[okhttp-4.12.0.jar:na]
	at okhttp3.internal.cache.CacheInterceptor.intercept(CacheInterceptor.kt:95) ~[okhttp-4.12.0.jar:na]
	at okhttp3.internal.http.RealInterceptorChain.proceed(RealInterceptorChain.kt:109) ~[okhttp-4.12.0.jar:na]
	at okhttp3.internal.http.BridgeInterceptor.intercept(BridgeInterceptor.kt:83) ~[okhttp-4.12.0.jar:na]
	at okhttp3.internal.http.RealInterceptorChain.proceed(RealInterceptorChain.kt:109) ~[okhttp-4.12.0.jar:na]
	at okhttp3.internal.http.RetryAndFollowUpInterceptor.intercept(RetryAndFollowUpInterceptor.kt:76) ~[okhttp-4.12.0.jar:na]
	at okhttp3.internal.http.RealInterceptorChain.proceed(RealInterceptorChain.kt:109) ~[okhttp-4.12.0.jar:na]
	at okhttp3.logging.HttpLoggingInterceptor.intercept(HttpLoggingInterceptor.kt:221) ~[logging-interceptor-4.12.0.jar:na]
	at okhttp3.internal.http.RealInterceptorChain.proceed(RealInterceptorChain.kt:109) ~[okhttp-4.12.0.jar:na]
	at okhttp3.internal.connection.RealCall.getResponseWithInterceptorChain$okhttp(RealCall.kt:201) ~[okhttp-4.12.0.jar:na]
	at okhttp3.internal.connection.RealCall.execute(RealCall.kt:154) ~[okhttp-4.12.0.jar:na]
	at org.web3j.protocol.http.HttpService.performIO(HttpService.java:159) ~[core-4.14.0.jar:na]
	at org.web3j.protocol.Service.send(Service.java:48) ~[core-4.14.0.jar:na]
	at org.web3j.protocol.core.Request.send(Request.java:84) ~[core-4.14.0.jar:na]
	at blockchain.api_java_smart_contracts.service.BlockchainService.init(BlockchainService.java:50) ~[classes/:na]
	at java.base/jdk.internal.reflect.DirectMethodHandleAccessor.invoke(DirectMethodHandleAccessor.java:103) ~[na:na]
	at java.base/java.lang.reflect.Method.invoke(Method.java:580) ~[na:na]
	at org.springframework.beans.factory.annotation.InitDestroyAnnotationBeanPostProcessor$LifecycleMethod.invoke(InitDestroyAnnotationBeanPostProcessor.java:457) ~[spring-beans-6.1.10.jar:6.1.10]
	at org.springframework.beans.factory.annotation.InitDestroyAnnotationBeanPostProcessor$LifecycleMetadata.invokeInitMethods(InitDestroyAnnotationBeanPostProcessor.java:401) ~[spring-beans-6.1.10.jar:6.1.10]
	at org.springframework.beans.factory.annotation.InitDestroyAnnotationBeanPostProcessor.postProcessBeforeInitialization(InitDestroyAnnotationBeanPostProcessor.java:219) ~[spring-beans-6.1.10.jar:6.1.10]
	at org.springframework.beans.factory.support.AbstractAutowireCapableBeanFactory.applyBeanPostProcessorsBeforeInitialization(AbstractAutowireCapableBeanFactory.java:422) ~[spring-beans-6.1.10.jar:6.1.10]
	at org.springframework.beans.factory.support.AbstractAutowireCapableBeanFactory.initializeBean(AbstractAutowireCapableBeanFactory.java:1780) ~[spring-beans-6.1.10.jar:6.1.10]
	at org.springframework.beans.factory.support.AbstractAutowireCapableBeanFactory.doCreateBean(AbstractAutowireCapableBeanFactory.java:600) ~[spring-beans-6.1.10.jar:6.1.10]
	at org.springframework.beans.factory.support.AbstractAutowireCapableBeanFactory.createBean(AbstractAutowireCapableBeanFactory.java:522) ~[spring-beans-6.1.10.jar:6.1.10]
	at org.springframework.beans.factory.support.AbstractBeanFactory.lambda$doGetBean$0(AbstractBeanFactory.java:337) ~[spring-beans-6.1.10.jar:6.1.10]
	at org.springframework.beans.factory.support.DefaultSingletonBeanRegistry.getSingleton(DefaultSingletonBeanRegistry.java:234) ~[spring-beans-6.1.10.jar:6.1.10]
	at org.springframework.beans.factory.support.AbstractBeanFactory.doGetBean(AbstractBeanFactory.java:335) ~[spring-beans-6.1.10.jar:6.1.10]
	at org.springframework.beans.factory.support.AbstractBeanFactory.getBean(AbstractBeanFactory.java:200) ~[spring-beans-6.1.10.jar:6.1.10]
	at org.springframework.beans.factory.config.DependencyDescriptor.resolveCandidate(DependencyDescriptor.java:254) ~[spring-beans-6.1.10.jar:6.1.10]
	at org.springframework.beans.factory.support.DefaultListableBeanFactory.doResolveDependency(DefaultListableBeanFactory.java:1443) ~[spring-beans-6.1.10.jar:6.1.10]
	at org.springframework.beans.factory.support.DefaultListableBeanFactory.resolveDependency(DefaultListableBeanFactory.java:1353) ~[spring-beans-6.1.10.jar:6.1.10]
	at org.springframework.beans.factory.annotation.AutowiredAnnotationBeanPostProcessor$AutowiredFieldElement.resolveFieldValue(AutowiredAnnotationBeanPostProcessor.java:784) ~[spring-beans-6.1.10.jar:6.1.10]
	at org.springframework.beans.factory.annotation.AutowiredAnnotationBeanPostProcessor$AutowiredFieldElement.inject(AutowiredAnnotationBeanPostProcessor.java:767) ~[spring-beans-6.1.10.jar:6.1.10]
	at org.springframework.beans.factory.annotation.InjectionMetadata.inject(InjectionMetadata.java:145) ~[spring-beans-6.1.10.jar:6.1.10]
	at org.springframework.beans.factory.annotation.AutowiredAnnotationBeanPostProcessor.postProcessProperties(AutowiredAnnotationBeanPostProcessor.java:508) ~[spring-beans-6.1.10.jar:6.1.10]
	at org.springframework.beans.factory.support.AbstractAutowireCapableBeanFactory.populateBean(AbstractAutowireCapableBeanFactory.java:1421) ~[spring-beans-6.1.10.jar:6.1.10]
	at org.springframework.beans.factory.support.AbstractAutowireCapableBeanFactory.doCreateBean(AbstractAutowireCapableBeanFactory.java:599) ~[spring-beans-6.1.10.jar:6.1.10]
	at org.springframework.beans.factory.support.AbstractAutowireCapableBeanFactory.createBean(AbstractAutowireCapableBeanFactory.java:522) ~[spring-beans-6.1.10.jar:6.1.10]
	at org.springframework.beans.factory.support.AbstractBeanFactory.lambda$doGetBean$0(AbstractBeanFactory.java:337) ~[spring-beans-6.1.10.jar:6.1.10]
	at org.springframework.beans.factory.support.DefaultSingletonBeanRegistry.getSingleton(DefaultSingletonBeanRegistry.java:234) ~[spring-beans-6.1.10.jar:6.1.10]
	at org.springframework.beans.factory.support.AbstractBeanFactory.doGetBean(AbstractBeanFactory.java:335) ~[spring-beans-6.1.10.jar:6.1.10]
	at org.springframework.beans.factory.support.AbstractBeanFactory.getBean(AbstractBeanFactory.java:200) ~[spring-beans-6.1.10.jar:6.1.10]
	at org.springframework.beans.factory.support.DefaultListableBeanFactory.preInstantiateSingletons(DefaultListableBeanFactory.java:975) ~[spring-beans-6.1.10.jar:6.1.10]
	at org.springframework.context.support.AbstractApplicationContext.finishBeanFactoryInitialization(AbstractApplicationContext.java:962) ~[spring-context-6.1.10.jar:6.1.10]
	at org.springframework.context.support.AbstractApplicationContext.refresh(AbstractApplicationContext.java:624) ~[spring-context-6.1.10.jar:6.1.10]
	at org.springframework.boot.web.servlet.context.ServletWebServerApplicationContext.refresh(ServletWebServerApplicationContext.java:146) ~[spring-boot-3.2.7.jar:3.2.7]
	at org.springframework.boot.SpringApplication.refresh(SpringApplication.java:754) ~[spring-boot-3.2.7.jar:3.2.7]
	at org.springframework.boot.SpringApplication.refreshContext(SpringApplication.java:456) ~[spring-boot-3.2.7.jar:3.2.7]
	at org.springframework.boot.SpringApplication.run(SpringApplication.java:335) ~[spring-boot-3.2.7.jar:3.2.7]
	at org.springframework.boot.SpringApplication.run(SpringApplication.java:1363) ~[spring-boot-3.2.7.jar:3.2.7]
	at org.springframework.boot.SpringApplication.run(SpringApplication.java:1352) ~[spring-boot-3.2.7.jar:3.2.7]
	at blockchain.api_java_smart_contracts.ApiJavaSmartContractsApplication.main(ApiJavaSmartContractsApplication.java:37) ~[classes/:na]
	at java.base/jdk.internal.reflect.DirectMethodHandleAccessor.invoke(DirectMethodHandleAccessor.java:103) ~[na:na]
	at java.base/java.lang.reflect.Method.invoke(Method.java:580) ~[na:na]
	at org.springframework.boot.devtools.restart.RestartLauncher.run(RestartLauncher.java:50) ~[spring-boot-devtools-3.2.7.jar:3.2.7]
	Suppressed: java.net.ConnectException: Failed to connect to localhost/127.0.0.1:8545
		... 62 common frames omitted
	Caused by: java.net.ConnectException: Connection refused: getsockopt
		at java.base/sun.nio.ch.Net.pollConnect(Native Method)
		at java.base/sun.nio.ch.Net.pollConnectNow(Net.java:682)
		at java.base/sun.nio.ch.NioSocketImpl.timedFinishConnect(NioSocketImpl.java:542)
		at java.base/sun.nio.ch.NioSocketImpl.connect(NioSocketImpl.java:592)
		at java.base/java.net.SocksSocketImpl.connect(SocksSocketImpl.java:327)
		at java.base/java.net.Socket.connect(Socket.java:751)
		at okhttp3.internal.platform.Platform.connectSocket(Platform.kt:128)
		at okhttp3.internal.connection.RealConnection.connectSocket(RealConnection.kt:295)
		... 61 common frames omitted
Caused by: java.net.ConnectException: Connection refused: getsockopt
	at java.base/sun.nio.ch.Net.pollConnect(Native Method) ~[na:na]
	at java.base/sun.nio.ch.Net.pollConnectNow(Net.java:682) ~[na:na]
	at java.base/sun.nio.ch.NioSocketImpl.timedFinishConnect(NioSocketImpl.java:542) ~[na:na]
	at java.base/sun.nio.ch.NioSocketImpl.connect(NioSocketImpl.java:592) ~[na:na]
	at java.base/java.net.SocksSocketImpl.connect(SocksSocketImpl.java:327) ~[na:na]
	at java.base/java.net.Socket.connect(Socket.java:751) ~[na:na]
	at okhttp3.internal.platform.Platform.connectSocket(Platform.kt:128) ~[okhttp-4.12.0.jar:na]
	at okhttp3.internal.connection.RealConnection.connectSocket(RealConnection.kt:295) ~[okhttp-4.12.0.jar:na]
	... 61 common frames omitted

2025-08-14T10:51:03.330-03:00  WARN 16340 --- [api-java-smart-contracts] [restartedMain] JpaBaseConfiguration$JpaWebConfiguration : spring.jpa.open-in-view is enabled by default. Therefore, database queries may be performed during view rendering. Explicitly configure spring.jpa.open-in-view to disable this warning
2025-08-14T10:51:03.460-03:00 DEBUG 16340 --- [api-java-smart-contracts] [restartedMain] s.w.s.m.m.a.RequestMappingHandlerMapping : 18 mappings in 'requestMappingHandlerMapping'
2025-08-14T10:51:03.560-03:00 DEBUG 16340 --- [api-java-smart-contracts] [restartedMain] o.s.w.s.handler.SimpleUrlHandlerMapping  : Patterns [/webjars/**, /**, /swagger-ui*/*swagger-initializer.js, /swagger-ui*/**] in 'resourceHandlerMapping'
2025-08-14T10:51:03.600-03:00 DEBUG 16340 --- [api-java-smart-contracts] [restartedMain] s.w.s.m.m.a.RequestMappingHandlerAdapter : ControllerAdvice beans: 0 @ModelAttribute, 0 @InitBinder, 1 RequestBodyAdvice, 1 ResponseBodyAdvice
2025-08-14T10:51:03.641-03:00 DEBUG 16340 --- [api-java-smart-contracts] [restartedMain] .m.m.a.ExceptionHandlerExceptionResolver : ControllerAdvice beans: 1 @ExceptionHandler, 1 ResponseBodyAdvice
2025-08-14T10:51:03.824-03:00  INFO 16340 --- [api-java-smart-contracts] [restartedMain] o.s.b.d.a.OptionalLiveReloadServer       : LiveReload server is running on port 35729
2025-08-14T10:51:03.875-03:00  INFO 16340 --- [api-java-smart-contracts] [restartedMain] o.s.b.w.embedded.tomcat.TomcatWebServer  : Tomcat started on port 8080 (http) with context path ''
2025-08-14T10:51:03.890-03:00  INFO 16340 --- [api-java-smart-contracts] [restartedMain] b.a.ApiJavaSmartContractsApplication     : Started ApiJavaSmartContractsApplication in 7.401 seconds (process running for 8.175)
2025-08-14T10:51:03.894-03:00  INFO 16340 --- [api-java-smart-contracts] [restartedMain] b.a.ApiJavaSmartContractsApplication     : -----> MINHA APLICAÇÃO SPRING BOOT INICIOU COM SUCESSO! <-----
2025-08-14T10:51:03.899-03:00 DEBUG 16340 --- [api-java-smart-contracts] [restartedMain] org.web3j.protocol.http.HttpService      : --> POST http://localhost:8545/
2025-08-14T10:51:03.899-03:00 DEBUG 16340 --- [api-java-smart-contracts] [restartedMain] org.web3j.protocol.http.HttpService      : Content-Type: application/json; charset=utf-8
2025-08-14T10:51:03.899-03:00 DEBUG 16340 --- [api-java-smart-contracts] [restartedMain] org.web3j.protocol.http.HttpService      : Content-Length: 66
2025-08-14T10:51:03.900-03:00 DEBUG 16340 --- [api-java-smart-contracts] [restartedMain] org.web3j.protocol.http.HttpService      : 
2025-08-14T10:51:03.900-03:00 DEBUG 16340 --- [api-java-smart-contracts] [restartedMain] org.web3j.protocol.http.HttpService      : {"jsonrpc":"2.0","method":"web3_clientVersion","params":[],"id":1}
2025-08-14T10:51:03.900-03:00 DEBUG 16340 --- [api-java-smart-contracts] [restartedMain] org.web3j.protocol.http.HttpService      : --> END POST (66-byte body)
2025-08-14T10:51:03.900-03:00 DEBUG 16340 --- [api-java-smart-contracts] [restartedMain] org.web3j.protocol.http.HttpService      : <-- HTTP FAILED: java.net.ConnectException: Failed to connect to localhost/[0:0:0:0:0:0:0:1]:8545
2025-08-14T10:51:03.900-03:00  INFO 16340 --- [api-java-smart-contracts] [restartedMain] b.a.ApiJavaSmartContractsApplication     : Status da conexão Ethereum: Erro ao conectar: Failed to connect to localhost/[0:0:0:0:0:0:0:1]:8545
2025-08-14T10:51:03.900-03:00  INFO 16340 --- [api-java-smart-contracts] [restartedMain] b.a.ApiJavaSmartContractsApplication     : Nenhum contrato Voting válido encontrado na configuração. Realizando deploy...
2025-08-14T10:51:03.908-03:00  INFO 16340 --- [api-java-smart-contracts] [ForkJoinPool.commonPool-worker-1] b.a.service.BlockchainService            : Iniciando o deploy do contrato Voting...
2025-08-14T10:51:03.924-03:00 DEBUG 16340 --- [api-java-smart-contracts] [ForkJoinPool.commonPool-worker-1] org.web3j.protocol.http.HttpService      : --> POST http://localhost:8545/
2025-08-14T10:51:03.924-03:00 DEBUG 16340 --- [api-java-smart-contracts] [ForkJoinPool.commonPool-worker-1] org.web3j.protocol.http.HttpService      : Content-Type: application/json; charset=utf-8
2025-08-14T10:51:03.924-03:00 DEBUG 16340 --- [api-java-smart-contracts] [ForkJoinPool.commonPool-worker-1] org.web3j.protocol.http.HttpService      : Content-Length: 125
2025-08-14T10:51:03.924-03:00 DEBUG 16340 --- [api-java-smart-contracts] [ForkJoinPool.commonPool-worker-1] org.web3j.protocol.http.HttpService      : 
2025-08-14T10:51:03.926-03:00 DEBUG 16340 --- [api-java-smart-contracts] [ForkJoinPool.commonPool-worker-1] org.web3j.protocol.http.HttpService      : {"jsonrpc":"2.0","method":"eth_getTransactionCount","params":["0xb98b45e094d07926522b659bce5dd0d9eeab6d93","pending"],"id":2}
2025-08-14T10:51:03.926-03:00 DEBUG 16340 --- [api-java-smart-contracts] [ForkJoinPool.commonPool-worker-1] org.web3j.protocol.http.HttpService      : --> END POST (125-byte body)
2025-08-14T10:51:03.930-03:00 DEBUG 16340 --- [api-java-smart-contracts] [ForkJoinPool.commonPool-worker-1] org.web3j.protocol.http.HttpService      : <-- HTTP FAILED: java.net.ConnectException: Failed to connect to localhost/[0:0:0:0:0:0:0:1]:8545
2025-08-14T10:51:03.930-03:00 ERROR 16340 --- [api-java-smart-contracts] [ForkJoinPool.commonPool-worker-1] b.a.service.BlockchainService            : Erro fatal durante o deploy do contrato Voting: java.net.ConnectException: Failed to connect to localhost/[0:0:0:0:0:0:0:1]:8545

java.lang.RuntimeException: java.net.ConnectException: Failed to connect to localhost/[0:0:0:0:0:0:0:1]:8545
	at org.web3j.tx.Contract.deploy(Contract.java:571) ~[core-4.14.0.jar:na]
	at org.web3j.tx.Contract.lambda$deployRemoteCall$7(Contract.java:719) ~[core-4.14.0.jar:na]
	at org.web3j.protocol.core.RemoteCall.send(RemoteCall.java:42) ~[core-4.14.0.jar:na]
	at blockchain.api_java_smart_contracts.service.BlockchainService.lambda$deployContractAndReturnAddress$0(BlockchainService.java:172) ~[classes/:na]
	at java.base/java.util.concurrent.CompletableFuture$AsyncSupply.run(CompletableFuture.java:1768) ~[na:na]
	at java.base/java.util.concurrent.CompletableFuture$AsyncSupply.exec(CompletableFuture.java:1760) ~[na:na]
	at java.base/java.util.concurrent.ForkJoinTask.doExec(ForkJoinTask.java:387) ~[na:na]
	at java.base/java.util.concurrent.ForkJoinPool$WorkQueue.topLevelExec(ForkJoinPool.java:1312) ~[na:na]
	at java.base/java.util.concurrent.ForkJoinPool.scan(ForkJoinPool.java:1843) ~[na:na]
	at java.base/java.util.concurrent.ForkJoinPool.runWorker(ForkJoinPool.java:1808) ~[na:na]
	at java.base/java.util.concurrent.ForkJoinWorkerThread.run(ForkJoinWorkerThread.java:188) ~[na:na]
Caused by: java.net.ConnectException: Failed to connect to localhost/[0:0:0:0:0:0:0:1]:8545
	at okhttp3.internal.connection.RealConnection.connectSocket(RealConnection.kt:297) ~[okhttp-4.12.0.jar:na]
	at okhttp3.internal.connection.RealConnection.connect(RealConnection.kt:207) ~[okhttp-4.12.0.jar:na]
	at okhttp3.internal.connection.ExchangeFinder.findConnection(ExchangeFinder.kt:226) ~[okhttp-4.12.0.jar:na]
	at okhttp3.internal.connection.ExchangeFinder.findHealthyConnection(ExchangeFinder.kt:106) ~[okhttp-4.12.0.jar:na]
	at okhttp3.internal.connection.ExchangeFinder.find(ExchangeFinder.kt:74) ~[okhttp-4.12.0.jar:na]
	at okhttp3.internal.connection.RealCall.initExchange$okhttp(RealCall.kt:255) ~[okhttp-4.12.0.jar:na]
	at okhttp3.internal.connection.ConnectInterceptor.intercept(ConnectInterceptor.kt:32) ~[okhttp-4.12.0.jar:na]
	at okhttp3.internal.http.RealInterceptorChain.proceed(RealInterceptorChain.kt:109) ~[okhttp-4.12.0.jar:na]
	at okhttp3.internal.cache.CacheInterceptor.intercept(CacheInterceptor.kt:95) ~[okhttp-4.12.0.jar:na]
	at okhttp3.internal.http.RealInterceptorChain.proceed(RealInterceptorChain.kt:109) ~[okhttp-4.12.0.jar:na]
	at okhttp3.internal.http.BridgeInterceptor.intercept(BridgeInterceptor.kt:83) ~[okhttp-4.12.0.jar:na]
	at okhttp3.internal.http.RealInterceptorChain.proceed(RealInterceptorChain.kt:109) ~[okhttp-4.12.0.jar:na]
	at okhttp3.internal.http.RetryAndFollowUpInterceptor.intercept(RetryAndFollowUpInterceptor.kt:76) ~[okhttp-4.12.0.jar:na]
	at okhttp3.internal.http.RealInterceptorChain.proceed(RealInterceptorChain.kt:109) ~[okhttp-4.12.0.jar:na]
	at okhttp3.logging.HttpLoggingInterceptor.intercept(HttpLoggingInterceptor.kt:221) ~[logging-interceptor-4.12.0.jar:na]
	at okhttp3.internal.http.RealInterceptorChain.proceed(RealInterceptorChain.kt:109) ~[okhttp-4.12.0.jar:na]
	at okhttp3.internal.connection.RealCall.getResponseWithInterceptorChain$okhttp(RealCall.kt:201) ~[okhttp-4.12.0.jar:na]
	at okhttp3.internal.connection.RealCall.execute(RealCall.kt:154) ~[okhttp-4.12.0.jar:na]
	at org.web3j.protocol.http.HttpService.performIO(HttpService.java:159) ~[core-4.14.0.jar:na]
	at org.web3j.protocol.Service.send(Service.java:48) ~[core-4.14.0.jar:na]
	at org.web3j.protocol.core.Request.send(Request.java:84) ~[core-4.14.0.jar:na]
	at org.web3j.tx.RawTransactionManager.getNonce(RawTransactionManager.java:101) ~[core-4.14.0.jar:na]
	at org.web3j.tx.RawTransactionManager.sendTransaction(RawTransactionManager.java:124) ~[core-4.14.0.jar:na]
	at org.web3j.tx.TransactionManager.executeTransaction(TransactionManager.java:81) ~[core-4.14.0.jar:na]
	at org.web3j.tx.ManagedTransaction.send(ManagedTransaction.java:128) ~[core-4.14.0.jar:na]
	at org.web3j.tx.Contract.executeTransaction(Contract.java:411) ~[core-4.14.0.jar:na]
	at org.web3j.tx.Contract.create(Contract.java:498) ~[core-4.14.0.jar:na]
	at org.web3j.tx.Contract.deploy(Contract.java:567) ~[core-4.14.0.jar:na]
	... 10 common frames omitted
	Suppressed: java.net.ConnectException: Failed to connect to localhost/127.0.0.1:8545
		... 38 common frames omitted
	Caused by: java.net.ConnectException: Connection refused: getsockopt
		at java.base/sun.nio.ch.Net.pollConnect(Native Method)
		at java.base/sun.nio.ch.Net.pollConnectNow(Net.java:682)
		at java.base/sun.nio.ch.NioSocketImpl.timedFinishConnect(NioSocketImpl.java:542)
		at java.base/sun.nio.ch.NioSocketImpl.connect(NioSocketImpl.java:592)
		at java.base/java.net.SocksSocketImpl.connect(SocksSocketImpl.java:327)
		at java.base/java.net.Socket.connect(Socket.java:751)
		at okhttp3.internal.platform.Platform.connectSocket(Platform.kt:128)
		at okhttp3.internal.connection.RealConnection.connectSocket(RealConnection.kt:295)
		... 37 common frames omitted
Caused by: java.net.ConnectException: Connection refused: getsockopt
	at java.base/sun.nio.ch.Net.pollConnect(Native Method) ~[na:na]
	at java.base/sun.nio.ch.Net.pollConnectNow(Net.java:682) ~[na:na]
	at java.base/sun.nio.ch.NioSocketImpl.timedFinishConnect(NioSocketImpl.java:542) ~[na:na]
	at java.base/sun.nio.ch.NioSocketImpl.connect(NioSocketImpl.java:592) ~[na:na]
	at java.base/java.net.SocksSocketImpl.connect(SocksSocketImpl.java:327) ~[na:na]
	at java.base/java.net.Socket.connect(Socket.java:751) ~[na:na]
	at okhttp3.internal.platform.Platform.connectSocket(Platform.kt:128) ~[okhttp-4.12.0.jar:na]
	at okhttp3.internal.connection.RealConnection.connectSocket(RealConnection.kt:295) ~[okhttp-4.12.0.jar:na]
	... 37 common frames omitted

2025-08-14T10:51:03.935-03:00 ERROR 16340 --- [api-java-smart-contracts] [restartedMain] b.a.ApiJavaSmartContractsApplication     : Ocorreu um erro inesperado durante a inicialização da aplicação: java.lang.RuntimeException: Erro ao deployar o contrato Voting

java.util.concurrent.CompletionException: java.lang.RuntimeException: Erro ao deployar o contrato Voting
	at java.base/java.util.concurrent.CompletableFuture.encodeThrowable(CompletableFuture.java:315) ~[na:na]
	at java.base/java.util.concurrent.CompletableFuture.completeThrowable(CompletableFuture.java:320) ~[na:na]
	at java.base/java.util.concurrent.CompletableFuture$AsyncSupply.run(CompletableFuture.java:1770) ~[na:na]
	at java.base/java.util.concurrent.CompletableFuture$AsyncSupply.exec(CompletableFuture.java:1760) ~[na:na]
	at java.base/java.util.concurrent.ForkJoinTask.doExec(ForkJoinTask.java:387) ~[na:na]
	at java.base/java.util.concurrent.ForkJoinPool$WorkQueue.topLevelExec(ForkJoinPool.java:1312) ~[na:na]
	at java.base/java.util.concurrent.ForkJoinPool.scan(ForkJoinPool.java:1843) ~[na:na]
	at java.base/java.util.concurrent.ForkJoinPool.runWorker(ForkJoinPool.java:1808) ~[na:na]
	at java.base/java.util.concurrent.ForkJoinWorkerThread.run(ForkJoinWorkerThread.java:188) ~[na:na]
Caused by: java.lang.RuntimeException: Erro ao deployar o contrato Voting
	at blockchain.api_java_smart_contracts.service.BlockchainService.lambda$deployContractAndReturnAddress$0(BlockchainService.java:186) ~[classes/:na]
	at java.base/java.util.concurrent.CompletableFuture$AsyncSupply.run(CompletableFuture.java:1768) ~[na:na]
	... 6 common frames omitted
Caused by: java.lang.RuntimeException: java.net.ConnectException: Failed to connect to localhost/[0:0:0:0:0:0:0:1]:8545
	at org.web3j.tx.Contract.deploy(Contract.java:571) ~[core-4.14.0.jar:na]
	at org.web3j.tx.Contract.lambda$deployRemoteCall$7(Contract.java:719) ~[core-4.14.0.jar:na]
	at org.web3j.protocol.core.RemoteCall.send(RemoteCall.java:42) ~[core-4.14.0.jar:na]
	at blockchain.api_java_smart_contracts.service.BlockchainService.lambda$deployContractAndReturnAddress$0(BlockchainService.java:172) ~[classes/:na]
	... 7 common frames omitted
Caused by: java.net.ConnectException: Failed to connect to localhost/[0:0:0:0:0:0:0:1]:8545
	at okhttp3.internal.connection.RealConnection.connectSocket(RealConnection.kt:297) ~[okhttp-4.12.0.jar:na]
	at okhttp3.internal.connection.RealConnection.connect(RealConnection.kt:207) ~[okhttp-4.12.0.jar:na]
	at okhttp3.internal.connection.ExchangeFinder.findConnection(ExchangeFinder.kt:226) ~[okhttp-4.12.0.jar:na]
	at okhttp3.internal.connection.ExchangeFinder.findHealthyConnection(ExchangeFinder.kt:106) ~[okhttp-4.12.0.jar:na]
	at okhttp3.internal.connection.ExchangeFinder.find(ExchangeFinder.kt:74) ~[okhttp-4.12.0.jar:na]
	at okhttp3.internal.connection.RealCall.initExchange$okhttp(RealCall.kt:255) ~[okhttp-4.12.0.jar:na]
	at okhttp3.internal.connection.ConnectInterceptor.intercept(ConnectInterceptor.kt:32) ~[okhttp-4.12.0.jar:na]
	at okhttp3.internal.http.RealInterceptorChain.proceed(RealInterceptorChain.kt:109) ~[okhttp-4.12.0.jar:na]
	at okhttp3.internal.cache.CacheInterceptor.intercept(CacheInterceptor.kt:95) ~[okhttp-4.12.0.jar:na]
	at okhttp3.internal.http.RealInterceptorChain.proceed(RealInterceptorChain.kt:109) ~[okhttp-4.12.0.jar:na]
	at okhttp3.internal.http.BridgeInterceptor.intercept(BridgeInterceptor.kt:83) ~[okhttp-4.12.0.jar:na]
	at okhttp3.internal.http.RealInterceptorChain.proceed(RealInterceptorChain.kt:109) ~[okhttp-4.12.0.jar:na]
	at okhttp3.internal.http.RetryAndFollowUpInterceptor.intercept(RetryAndFollowUpInterceptor.kt:76) ~[okhttp-4.12.0.jar:na]
	at okhttp3.internal.http.RealInterceptorChain.proceed(RealInterceptorChain.kt:109) ~[okhttp-4.12.0.jar:na]
	at okhttp3.logging.HttpLoggingInterceptor.intercept(HttpLoggingInterceptor.kt:221) ~[logging-interceptor-4.12.0.jar:na]
	at okhttp3.internal.http.RealInterceptorChain.proceed(RealInterceptorChain.kt:109) ~[okhttp-4.12.0.jar:na]
	at okhttp3.internal.connection.RealCall.getResponseWithInterceptorChain$okhttp(RealCall.kt:201) ~[okhttp-4.12.0.jar:na]
	at okhttp3.internal.connection.RealCall.execute(RealCall.kt:154) ~[okhttp-4.12.0.jar:na]
	at org.web3j.protocol.http.HttpService.performIO(HttpService.java:159) ~[core-4.14.0.jar:na]
	at org.web3j.protocol.Service.send(Service.java:48) ~[core-4.14.0.jar:na]
	at org.web3j.protocol.core.Request.send(Request.java:84) ~[core-4.14.0.jar:na]
	at org.web3j.tx.RawTransactionManager.getNonce(RawTransactionManager.java:101) ~[core-4.14.0.jar:na]
	at org.web3j.tx.RawTransactionManager.sendTransaction(RawTransactionManager.java:124) ~[core-4.14.0.jar:na]
	at org.web3j.tx.TransactionManager.executeTransaction(TransactionManager.java:81) ~[core-4.14.0.jar:na]
	at org.web3j.tx.ManagedTransaction.send(ManagedTransaction.java:128) ~[core-4.14.0.jar:na]
	at org.web3j.tx.Contract.executeTransaction(Contract.java:411) ~[core-4.14.0.jar:na]
	at org.web3j.tx.Contract.create(Contract.java:498) ~[core-4.14.0.jar:na]
	at org.web3j.tx.Contract.deploy(Contract.java:567) ~[core-4.14.0.jar:na]
	... 10 common frames omitted
	Suppressed: java.net.ConnectException: Failed to connect to localhost/127.0.0.1:8545
		... 38 common frames omitted
	Caused by: java.net.ConnectException: Connection refused: getsockopt
		at java.base/sun.nio.ch.Net.pollConnect(Native Method)
		at java.base/sun.nio.ch.Net.pollConnectNow(Net.java:682)
		at java.base/sun.nio.ch.NioSocketImpl.timedFinishConnect(NioSocketImpl.java:542)
		at java.base/sun.nio.ch.NioSocketImpl.connect(NioSocketImpl.java:592)
		at java.base/java.net.SocksSocketImpl.connect(SocksSocketImpl.java:327)
		at java.base/java.net.Socket.connect(Socket.java:751)
		at okhttp3.internal.platform.Platform.connectSocket(Platform.kt:128)
		at okhttp3.internal.connection.RealConnection.connectSocket(RealConnection.kt:295)
		... 37 common frames omitted
Caused by: java.net.ConnectException: Connection refused: getsockopt
	at java.base/sun.nio.ch.Net.pollConnect(Native Method) ~[na:na]
	at java.base/sun.nio.ch.Net.pollConnectNow(Net.java:682) ~[na:na]
	at java.base/sun.nio.ch.NioSocketImpl.timedFinishConnect(NioSocketImpl.java:542) ~[na:na]
	at java.base/sun.nio.ch.NioSocketImpl.connect(NioSocketImpl.java:592) ~[na:na]
	at java.base/java.net.SocksSocketImpl.connect(SocksSocketImpl.java:327) ~[na:na]
	at java.base/java.net.Socket.connect(Socket.java:751) ~[na:na]
	at okhttp3.internal.platform.Platform.connectSocket(Platform.kt:128) ~[okhttp-4.12.0.jar:na]
	at okhttp3.internal.connection.RealConnection.connectSocket(RealConnection.kt:295) ~[okhttp-4.12.0.jar:na]
	... 37 common frames omitted

2025-08-14T10:51:03.943-03:00 ERROR 16340 --- [api-java-smart-contracts] [restartedMain] b.a.ApiJavaSmartContractsApplication     : Stack trace completo do erro inesperado:

java.util.concurrent.CompletionException: java.lang.RuntimeException: Erro ao deployar o contrato Voting
	at java.base/java.util.concurrent.CompletableFuture.encodeThrowable(CompletableFuture.java:315) ~[na:na]
	at java.base/java.util.concurrent.CompletableFuture.completeThrowable(CompletableFuture.java:320) ~[na:na]
	at java.base/java.util.concurrent.CompletableFuture$AsyncSupply.run(CompletableFuture.java:1770) ~[na:na]
	at java.base/java.util.concurrent.CompletableFuture$AsyncSupply.exec(CompletableFuture.java:1760) ~[na:na]
	at java.base/java.util.concurrent.ForkJoinTask.doExec(ForkJoinTask.java:387) ~[na:na]
	at java.base/java.util.concurrent.ForkJoinPool$WorkQueue.topLevelExec(ForkJoinPool.java:1312) ~[na:na]
	at java.base/java.util.concurrent.ForkJoinPool.scan(ForkJoinPool.java:1843) ~[na:na]
	at java.base/java.util.concurrent.ForkJoinPool.runWorker(ForkJoinPool.java:1808) ~[na:na]
	at java.base/java.util.concurrent.ForkJoinWorkerThread.run(ForkJoinWorkerThread.java:188) ~[na:na]
Caused by: java.lang.RuntimeException: Erro ao deployar o contrato Voting
	at blockchain.api_java_smart_contracts.service.BlockchainService.lambda$deployContractAndReturnAddress$0(BlockchainService.java:186) ~[classes/:na]
	at java.base/java.util.concurrent.CompletableFuture$AsyncSupply.run(CompletableFuture.java:1768) ~[na:na]
	... 6 common frames omitted
Caused by: java.lang.RuntimeException: java.net.ConnectException: Failed to connect to localhost/[0:0:0:0:0:0:0:1]:8545
	at org.web3j.tx.Contract.deploy(Contract.java:571) ~[core-4.14.0.jar:na]
	at org.web3j.tx.Contract.lambda$deployRemoteCall$7(Contract.java:719) ~[core-4.14.0.jar:na]
	at org.web3j.protocol.core.RemoteCall.send(RemoteCall.java:42) ~[core-4.14.0.jar:na]
	at blockchain.api_java_smart_contracts.service.BlockchainService.lambda$deployContractAndReturnAddress$0(BlockchainService.java:172) ~[classes/:na]
	... 7 common frames omitted
Caused by: java.net.ConnectException: Failed to connect to localhost/[0:0:0:0:0:0:0:1]:8545
	at okhttp3.internal.connection.RealConnection.connectSocket(RealConnection.kt:297) ~[okhttp-4.12.0.jar:na]
	at okhttp3.internal.connection.RealConnection.connect(RealConnection.kt:207) ~[okhttp-4.12.0.jar:na]
	at okhttp3.internal.connection.ExchangeFinder.findConnection(ExchangeFinder.kt:226) ~[okhttp-4.12.0.jar:na]
	at okhttp3.internal.connection.ExchangeFinder.findHealthyConnection(ExchangeFinder.kt:106) ~[okhttp-4.12.0.jar:na]
	at okhttp3.internal.connection.ExchangeFinder.find(ExchangeFinder.kt:74) ~[okhttp-4.12.0.jar:na]
	at okhttp3.internal.connection.RealCall.initExchange$okhttp(RealCall.kt:255) ~[okhttp-4.12.0.jar:na]
	at okhttp3.internal.connection.ConnectInterceptor.intercept(ConnectInterceptor.kt:32) ~[okhttp-4.12.0.jar:na]
	at okhttp3.internal.http.RealInterceptorChain.proceed(RealInterceptorChain.kt:109) ~[okhttp-4.12.0.jar:na]
	at okhttp3.internal.cache.CacheInterceptor.intercept(CacheInterceptor.kt:95) ~[okhttp-4.12.0.jar:na]
	at okhttp3.internal.http.RealInterceptorChain.proceed(RealInterceptorChain.kt:109) ~[okhttp-4.12.0.jar:na]
	at okhttp3.internal.http.BridgeInterceptor.intercept(BridgeInterceptor.kt:83) ~[okhttp-4.12.0.jar:na]
	at okhttp3.internal.http.RealInterceptorChain.proceed(RealInterceptorChain.kt:109) ~[okhttp-4.12.0.jar:na]
	at okhttp3.internal.http.RetryAndFollowUpInterceptor.intercept(RetryAndFollowUpInterceptor.kt:76) ~[okhttp-4.12.0.jar:na]
	at okhttp3.internal.http.RealInterceptorChain.proceed(RealInterceptorChain.kt:109) ~[okhttp-4.12.0.jar:na]
	at okhttp3.logging.HttpLoggingInterceptor.intercept(HttpLoggingInterceptor.kt:221) ~[logging-interceptor-4.12.0.jar:na]
	at okhttp3.internal.http.RealInterceptorChain.proceed(RealInterceptorChain.kt:109) ~[okhttp-4.12.0.jar:na]
	at okhttp3.internal.connection.RealCall.getResponseWithInterceptorChain$okhttp(RealCall.kt:201) ~[okhttp-4.12.0.jar:na]
	at okhttp3.internal.connection.RealCall.execute(RealCall.kt:154) ~[okhttp-4.12.0.jar:na]
	at org.web3j.protocol.http.HttpService.performIO(HttpService.java:159) ~[core-4.14.0.jar:na]
	at org.web3j.protocol.Service.send(Service.java:48) ~[core-4.14.0.jar:na]
	at org.web3j.protocol.core.Request.send(Request.java:84) ~[core-4.14.0.jar:na]
	at org.web3j.tx.RawTransactionManager.getNonce(RawTransactionManager.java:101) ~[core-4.14.0.jar:na]
	at org.web3j.tx.RawTransactionManager.sendTransaction(RawTransactionManager.java:124) ~[core-4.14.0.jar:na]
	at org.web3j.tx.TransactionManager.executeTransaction(TransactionManager.java:81) ~[core-4.14.0.jar:na]
	at org.web3j.tx.ManagedTransaction.send(ManagedTransaction.java:128) ~[core-4.14.0.jar:na]
	at org.web3j.tx.Contract.executeTransaction(Contract.java:411) ~[core-4.14.0.jar:na]
	at org.web3j.tx.Contract.create(Contract.java:498) ~[core-4.14.0.jar:na]
	at org.web3j.tx.Contract.deploy(Contract.java:567) ~[core-4.14.0.jar:na]
	... 10 common frames omitted
	Suppressed: java.net.ConnectException: Failed to connect to localhost/127.0.0.1:8545
		... 38 common frames omitted
	Caused by: java.net.ConnectException: Connection refused: getsockopt
		at java.base/sun.nio.ch.Net.pollConnect(Native Method)
		at java.base/sun.nio.ch.Net.pollConnectNow(Net.java:682)
		at java.base/sun.nio.ch.NioSocketImpl.timedFinishConnect(NioSocketImpl.java:542)
		at java.base/sun.nio.ch.NioSocketImpl.connect(NioSocketImpl.java:592)
		at java.base/java.net.SocksSocketImpl.connect(SocksSocketImpl.java:327)
		at java.base/java.net.Socket.connect(Socket.java:751)
		at okhttp3.internal.platform.Platform.connectSocket(Platform.kt:128)
		at okhttp3.internal.connection.RealConnection.connectSocket(RealConnection.kt:295)
		... 37 common frames omitted
Caused by: java.net.ConnectException: Connection refused: getsockopt
	at java.base/sun.nio.ch.Net.pollConnect(Native Method) ~[na:na]
	at java.base/sun.nio.ch.Net.pollConnectNow(Net.java:682) ~[na:na]
	at java.base/sun.nio.ch.NioSocketImpl.timedFinishConnect(NioSocketImpl.java:542) ~[na:na]
	at java.base/sun.nio.ch.NioSocketImpl.connect(NioSocketImpl.java:592) ~[na:na]
	at java.base/java.net.SocksSocketImpl.connect(SocksSocketImpl.java:327) ~[na:na]
	at java.base/java.net.Socket.connect(Socket.java:751) ~[na:na]
	at okhttp3.internal.platform.Platform.connectSocket(Platform.kt:128) ~[okhttp-4.12.0.jar:na]
	at okhttp3.internal.connection.RealConnection.connectSocket(RealConnection.kt:295) ~[okhttp-4.12.0.jar:na]
	... 37 common frames omitted

2025-08-14T10:51:03.948-03:00  INFO 16340 --- [api-java-smart-contracts] [restartedMain] b.a.ApiJavaSmartContractsApplication     : Aplicação pronta para receber requisições.
