2025-06-18T00:26:50.714-03:00  INFO 19888 --- [api-java-smart-contracts] [main] c.v.a.ApiJavaSmartContractsApplication   : Starting ApiJavaSmartContractsApplication using Java 21.0.7 with PID 19888 (C:\Users\DELL\api-java-smart-contracts\target\classes started by DELL in C:\Users\DELL\api-java-smart-contracts)
2025-06-18T00:26:50.725-03:00  INFO 19888 --- [api-java-smart-contracts] [main] c.v.a.ApiJavaSmartContractsApplication   : No active profile set, falling back to 1 default profile: "default"
2025-06-18T00:26:52.476-03:00  INFO 19888 --- [api-java-smart-contracts] [main] o.s.b.w.embedded.tomcat.TomcatWebServer  : Tomcat initialized with port 8080 (http)
2025-06-18T00:26:52.509-03:00  INFO 19888 --- [api-java-smart-contracts] [main] o.apache.catalina.core.StandardService   : Starting service [Tomcat]
2025-06-18T00:26:52.510-03:00  INFO 19888 --- [api-java-smart-contracts] [main] o.apache.catalina.core.StandardEngine    : Starting Servlet engine: [Apache Tomcat/10.1.41]
2025-06-18T00:26:52.619-03:00  INFO 19888 --- [api-java-smart-contracts] [main] o.a.c.c.C.[Tomcat].[localhost].[/]       : Initializing Spring embedded WebApplicationContext
2025-06-18T00:26:52.619-03:00  INFO 19888 --- [api-java-smart-contracts] [main] w.s.c.ServletWebServerApplicationContext : Root WebApplicationContext: initialization completed in 1820 ms
2025-06-18T00:26:53.734-03:00 DEBUG 19888 --- [api-java-smart-contracts] [main] org.web3j.protocol.http.HttpService      : --> POST http://localhost:8545/
2025-06-18T00:26:53.734-03:00 DEBUG 19888 --- [api-java-smart-contracts] [main] org.web3j.protocol.http.HttpService      : Content-Type: application/json; charset=utf-8
2025-06-18T00:26:53.734-03:00 DEBUG 19888 --- [api-java-smart-contracts] [main] org.web3j.protocol.http.HttpService      : Content-Length: 66
2025-06-18T00:26:53.735-03:00 DEBUG 19888 --- [api-java-smart-contracts] [main] org.web3j.protocol.http.HttpService      : 
2025-06-18T00:26:53.739-03:00 DEBUG 19888 --- [api-java-smart-contracts] [main] org.web3j.protocol.http.HttpService      : {"jsonrpc":"2.0","method":"web3_clientVersion","params":[],"id":0}
2025-06-18T00:26:53.740-03:00 DEBUG 19888 --- [api-java-smart-contracts] [main] org.web3j.protocol.http.HttpService      : --> END POST (66-byte body)
2025-06-18T00:26:53.797-03:00 DEBUG 19888 --- [api-java-smart-contracts] [main] org.web3j.protocol.http.HttpService      : <-- HTTP FAILED: java.net.ConnectException: Failed to connect to localhost/[0:0:0:0:0:0:0:1]:8545
2025-06-18T00:26:53.798-03:00 ERROR 19888 --- [api-java-smart-contracts] [main] b.a.service.BlockchainService            : Erro ao conectar ao nó Ethereum: Failed to connect to localhost/[0:0:0:0:0:0:0:1]:8545

java.net.ConnectException: Failed to connect to localhost/[0:0:0:0:0:0:0:1]:8545
	at okhttp3.internal.connection.RealConnection.connectSocket(RealConnection.kt:297) ~[okhttp-4.12.0.jar:na]
	at okhttp3.internal.connection.RealConnection.connect(RealConnection.kt:207) ~[okhttp-4.12.0.jar:na]
	at okhttp3.internal.connection.ExchangeFinder.findConnection(ExchangeFinder.kt:226) ~[okhttp-4.12.0.jar:na]
	at okhttp3.internal.connection.ExchangeFinder.findHealthyConnection(ExchangeFinder.kt:106) ~[okhttp-4.12.0.jar:na]
	at okhttp3.internal.connection.ExchangeFinder.find(ExchangeFinder.kt:74) ~[okhttp-4.12.0.jar:na]
	at okhttp3.internal.connection.RealCall.initExchange$okhttp(RealCall.kt:255) ~[okhttp-4.12.0.jar:na]
	at okhttp3.internal.connection.ConnectInterceptor.intercept(ConnectInterceptor.kt:32) ~[okhttp-4.12.0.jar:na]
	at okhttp3.internal.http.RealInterceptorChain.proceed(RealInterceptorChain.kt:109) ~[okhttp-4.12.0.jar:na]
	at okhttp3.internal.cache.CacheInterceptor.intercept(CacheInterceptor.kt:95) ~[okhttp-4.12.0.jar:na]
	at okhttp3.internal.http.RealInterceptorChain.proceed(RealInterceptorChain.kt:109) ~[okhttp-4.12.0.jar:na]
	at okhttp3.internal.http.BridgeInterceptor.intercept(BridgeInterceptor.kt:83) ~[okhttp-4.12.0.jar:na]
	at okhttp3.internal.http.RealInterceptorChain.proceed(RealInterceptorChain.kt:109) ~[okhttp-4.12.0.jar:na]
	at okhttp3.internal.http.RetryAndFollowUpInterceptor.intercept(RetryAndFollowUpInterceptor.kt:76) ~[okhttp-4.12.0.jar:na]
	at okhttp3.internal.http.RealInterceptorChain.proceed(RealInterceptorChain.kt:109) ~[okhttp-4.12.0.jar:na]
	at okhttp3.logging.HttpLoggingInterceptor.intercept(HttpLoggingInterceptor.kt:221) ~[logging-interceptor-4.12.0.jar:na]
	at okhttp3.internal.http.RealInterceptorChain.proceed(RealInterceptorChain.kt:109) ~[okhttp-4.12.0.jar:na]
	at okhttp3.internal.connection.RealCall.getResponseWithInterceptorChain$okhttp(RealCall.kt:201) ~[okhttp-4.12.0.jar:na]
	at okhttp3.internal.connection.RealCall.execute(RealCall.kt:154) ~[okhttp-4.12.0.jar:na]
	at org.web3j.protocol.http.HttpService.performIO(HttpService.java:159) ~[core-4.10.0.jar:na]
	at org.web3j.protocol.Service.send(Service.java:48) ~[core-4.10.0.jar:na]
	at org.web3j.protocol.core.Request.send(Request.java:87) ~[core-4.10.0.jar:na]
	at blockchain.api_java_smart_contracts.service.BlockchainService.init(BlockchainService.java:35) ~[classes/:na]
	at java.base/jdk.internal.reflect.DirectMethodHandleAccessor.invoke(DirectMethodHandleAccessor.java:103) ~[na:na]
	at java.base/java.lang.reflect.Method.invoke(Method.java:580) ~[na:na]
	at org.springframework.beans.factory.annotation.InitDestroyAnnotationBeanPostProcessor$LifecycleMethod.invoke(InitDestroyAnnotationBeanPostProcessor.java:457) ~[spring-beans-6.1.20.jar:6.1.20]
	at org.springframework.beans.factory.annotation.InitDestroyAnnotationBeanPostProcessor$LifecycleMetadata.invokeInitMethods(InitDestroyAnnotationBeanPostProcessor.java:401) ~[spring-beans-6.1.20.jar:6.1.20]
	at org.springframework.beans.factory.annotation.InitDestroyAnnotationBeanPostProcessor.postProcessBeforeInitialization(InitDestroyAnnotationBeanPostProcessor.java:219) ~[spring-beans-6.1.20.jar:6.1.20]
	at org.springframework.beans.factory.support.AbstractAutowireCapableBeanFactory.applyBeanPostProcessorsBeforeInitialization(AbstractAutowireCapableBeanFactory.java:422) ~[spring-beans-6.1.20.jar:6.1.20]
	at org.springframework.beans.factory.support.AbstractAutowireCapableBeanFactory.initializeBean(AbstractAutowireCapableBeanFactory.java:1798) ~[spring-beans-6.1.20.jar:6.1.20]
	at org.springframework.beans.factory.support.AbstractAutowireCapableBeanFactory.doCreateBean(AbstractAutowireCapableBeanFactory.java:600) ~[spring-beans-6.1.20.jar:6.1.20]
	at org.springframework.beans.factory.support.AbstractAutowireCapableBeanFactory.createBean(AbstractAutowireCapableBeanFactory.java:522) ~[spring-beans-6.1.20.jar:6.1.20]
	at org.springframework.beans.factory.support.AbstractBeanFactory.lambda$doGetBean$0(AbstractBeanFactory.java:337) ~[spring-beans-6.1.20.jar:6.1.20]
	at org.springframework.beans.factory.support.DefaultSingletonBeanRegistry.getSingleton(DefaultSingletonBeanRegistry.java:234) ~[spring-beans-6.1.20.jar:6.1.20]
	at org.springframework.beans.factory.support.AbstractBeanFactory.doGetBean(AbstractBeanFactory.java:335) ~[spring-beans-6.1.20.jar:6.1.20]
	at org.springframework.beans.factory.support.AbstractBeanFactory.getBean(AbstractBeanFactory.java:200) ~[spring-beans-6.1.20.jar:6.1.20]
	at org.springframework.beans.factory.support.DefaultListableBeanFactory.preInstantiateSingletons(DefaultListableBeanFactory.java:975) ~[spring-beans-6.1.20.jar:6.1.20]
	at org.springframework.context.support.AbstractApplicationContext.finishBeanFactoryInitialization(AbstractApplicationContext.java:971) ~[spring-context-6.1.20.jar:6.1.20]
	at org.springframework.context.support.AbstractApplicationContext.refresh(AbstractApplicationContext.java:625) ~[spring-context-6.1.20.jar:6.1.20]
	at org.springframework.boot.web.servlet.context.ServletWebServerApplicationContext.refresh(ServletWebServerApplicationContext.java:146) ~[spring-boot-3.3.12.jar:3.3.12]
	at org.springframework.boot.SpringApplication.refresh(SpringApplication.java:755) ~[spring-boot-3.3.12.jar:3.3.12]
	at org.springframework.boot.SpringApplication.refreshContext(SpringApplication.java:456) ~[spring-boot-3.3.12.jar:3.3.12]
	at org.springframework.boot.SpringApplication.run(SpringApplication.java:335) ~[spring-boot-3.3.12.jar:3.3.12]
	at org.springframework.boot.SpringApplication.run(SpringApplication.java:1364) ~[spring-boot-3.3.12.jar:3.3.12]
	at org.springframework.boot.SpringApplication.run(SpringApplication.java:1353) ~[spring-boot-3.3.12.jar:3.3.12]
	at com.votacao.api.ApiJavaSmartContractsApplication.main(ApiJavaSmartContractsApplication.java:52) ~[classes/:na]
	Suppressed: java.net.ConnectException: Failed to connect to localhost/127.0.0.1:8545
		... 45 common frames omitted
	Caused by: java.net.ConnectException: Connection refused: getsockopt
		at java.base/sun.nio.ch.Net.pollConnect(Native Method)
		at java.base/sun.nio.ch.Net.pollConnectNow(Net.java:682)
		at java.base/sun.nio.ch.NioSocketImpl.timedFinishConnect(NioSocketImpl.java:542)
		at java.base/sun.nio.ch.NioSocketImpl.connect(NioSocketImpl.java:592)
		at java.base/java.net.SocksSocketImpl.connect(SocksSocketImpl.java:327)
		at java.base/java.net.Socket.connect(Socket.java:751)
		at okhttp3.internal.platform.Platform.connectSocket(Platform.kt:128)
		at okhttp3.internal.connection.RealConnection.connectSocket(RealConnection.kt:295)
		... 44 common frames omitted
Caused by: java.net.ConnectException: Connection refused: getsockopt
	at java.base/sun.nio.ch.Net.pollConnect(Native Method) ~[na:na]
	at java.base/sun.nio.ch.Net.pollConnectNow(Net.java:682) ~[na:na]
	at java.base/sun.nio.ch.NioSocketImpl.timedFinishConnect(NioSocketImpl.java:542) ~[na:na]
	at java.base/sun.nio.ch.NioSocketImpl.connect(NioSocketImpl.java:592) ~[na:na]
	at java.base/java.net.SocksSocketImpl.connect(SocksSocketImpl.java:327) ~[na:na]
	at java.base/java.net.Socket.connect(Socket.java:751) ~[na:na]
	at okhttp3.internal.platform.Platform.connectSocket(Platform.kt:128) ~[okhttp-4.12.0.jar:na]
	at okhttp3.internal.connection.RealConnection.connectSocket(RealConnection.kt:295) ~[okhttp-4.12.0.jar:na]
	... 44 common frames omitted

2025-06-18T00:26:54.032-03:00  INFO 19888 --- [api-java-smart-contracts] [main] o.s.v.b.OptionalValidatorFactoryBean     : Failed to set up a Bean Validation provider: jakarta.validation.NoProviderFoundException: Unable to create a Configuration, because no Jakarta Bean Validation provider could be found. Add a provider like Hibernate Validator (RI) to your classpath.
2025-06-18T00:26:54.111-03:00 DEBUG 19888 --- [api-java-smart-contracts] [main] s.w.s.m.m.a.RequestMappingHandlerMapping : 12 mappings in 'requestMappingHandlerMapping'
2025-06-18T00:26:54.194-03:00 DEBUG 19888 --- [api-java-smart-contracts] [main] o.s.w.s.handler.SimpleUrlHandlerMapping  : Patterns [/webjars/**, /**, /swagger-ui*/*swagger-initializer.js, /swagger-ui*/**] in 'resourceHandlerMapping'
2025-06-18T00:26:54.224-03:00 DEBUG 19888 --- [api-java-smart-contracts] [main] s.w.s.m.m.a.RequestMappingHandlerAdapter : ControllerAdvice beans: 0 @ModelAttribute, 0 @InitBinder, 1 RequestBodyAdvice, 1 ResponseBodyAdvice
2025-06-18T00:26:54.278-03:00 DEBUG 19888 --- [api-java-smart-contracts] [main] .m.m.a.ExceptionHandlerExceptionResolver : ControllerAdvice beans: 1 @ExceptionHandler, 1 ResponseBodyAdvice
2025-06-18T00:26:54.496-03:00  INFO 19888 --- [api-java-smart-contracts] [main] o.s.b.w.embedded.tomcat.TomcatWebServer  : Tomcat started on port 8080 (http) with context path '/'
2025-06-18T00:26:54.509-03:00  INFO 19888 --- [api-java-smart-contracts] [main] c.v.a.ApiJavaSmartContractsApplication   : Started ApiJavaSmartContractsApplication in 4.595 seconds (process running for 5.056)
2025-06-18T00:26:54.516-03:00 DEBUG 19888 --- [api-java-smart-contracts] [main] org.web3j.protocol.http.HttpService      : --> POST http://localhost:8545/
2025-06-18T00:26:54.516-03:00 DEBUG 19888 --- [api-java-smart-contracts] [main] org.web3j.protocol.http.HttpService      : Content-Type: application/json; charset=utf-8
2025-06-18T00:26:54.516-03:00 DEBUG 19888 --- [api-java-smart-contracts] [main] org.web3j.protocol.http.HttpService      : Content-Length: 66
2025-06-18T00:26:54.516-03:00 DEBUG 19888 --- [api-java-smart-contracts] [main] org.web3j.protocol.http.HttpService      : 
2025-06-18T00:26:54.517-03:00 DEBUG 19888 --- [api-java-smart-contracts] [main] org.web3j.protocol.http.HttpService      : {"jsonrpc":"2.0","method":"web3_clientVersion","params":[],"id":1}
2025-06-18T00:26:54.517-03:00 DEBUG 19888 --- [api-java-smart-contracts] [main] org.web3j.protocol.http.HttpService      : --> END POST (66-byte body)
2025-06-18T00:26:54.520-03:00 DEBUG 19888 --- [api-java-smart-contracts] [main] org.web3j.protocol.http.HttpService      : <-- HTTP FAILED: java.net.ConnectException: Failed to connect to localhost/[0:0:0:0:0:0:0:1]:8545
2025-06-18T00:26:54.521-03:00 ERROR 19888 --- [api-java-smart-contracts] [main] c.v.a.ApiJavaSmartContractsApplication   : Erro de comunicação com o nó Ethereum: Failed to connect to localhost/[0:0:0:0:0:0:0:1]:8545

java.net.ConnectException: Failed to connect to localhost/[0:0:0:0:0:0:0:1]:8545
	at okhttp3.internal.connection.RealConnection.connectSocket(RealConnection.kt:297) ~[okhttp-4.12.0.jar:na]
	at okhttp3.internal.connection.RealConnection.connect(RealConnection.kt:207) ~[okhttp-4.12.0.jar:na]
	at okhttp3.internal.connection.ExchangeFinder.findConnection(ExchangeFinder.kt:226) ~[okhttp-4.12.0.jar:na]
	at okhttp3.internal.connection.ExchangeFinder.findHealthyConnection(ExchangeFinder.kt:106) ~[okhttp-4.12.0.jar:na]
	at okhttp3.internal.connection.ExchangeFinder.find(ExchangeFinder.kt:74) ~[okhttp-4.12.0.jar:na]
	at okhttp3.internal.connection.RealCall.initExchange$okhttp(RealCall.kt:255) ~[okhttp-4.12.0.jar:na]
	at okhttp3.internal.connection.ConnectInterceptor.intercept(ConnectInterceptor.kt:32) ~[okhttp-4.12.0.jar:na]
	at okhttp3.internal.http.RealInterceptorChain.proceed(RealInterceptorChain.kt:109) ~[okhttp-4.12.0.jar:na]
	at okhttp3.internal.cache.CacheInterceptor.intercept(CacheInterceptor.kt:95) ~[okhttp-4.12.0.jar:na]
	at okhttp3.internal.http.RealInterceptorChain.proceed(RealInterceptorChain.kt:109) ~[okhttp-4.12.0.jar:na]
	at okhttp3.internal.http.BridgeInterceptor.intercept(BridgeInterceptor.kt:83) ~[okhttp-4.12.0.jar:na]
	at okhttp3.internal.http.RealInterceptorChain.proceed(RealInterceptorChain.kt:109) ~[okhttp-4.12.0.jar:na]
	at okhttp3.internal.http.RetryAndFollowUpInterceptor.intercept(RetryAndFollowUpInterceptor.kt:76) ~[okhttp-4.12.0.jar:na]
	at okhttp3.internal.http.RealInterceptorChain.proceed(RealInterceptorChain.kt:109) ~[okhttp-4.12.0.jar:na]
	at okhttp3.logging.HttpLoggingInterceptor.intercept(HttpLoggingInterceptor.kt:221) ~[logging-interceptor-4.12.0.jar:na]
	at okhttp3.internal.http.RealInterceptorChain.proceed(RealInterceptorChain.kt:109) ~[okhttp-4.12.0.jar:na]
	at okhttp3.internal.connection.RealCall.getResponseWithInterceptorChain$okhttp(RealCall.kt:201) ~[okhttp-4.12.0.jar:na]
	at okhttp3.internal.connection.RealCall.execute(RealCall.kt:154) ~[okhttp-4.12.0.jar:na]
	at org.web3j.protocol.http.HttpService.performIO(HttpService.java:159) ~[core-4.10.0.jar:na]
	at org.web3j.protocol.Service.send(Service.java:48) ~[core-4.10.0.jar:na]
	at org.web3j.protocol.core.Request.send(Request.java:87) ~[core-4.10.0.jar:na]
	at com.votacao.api.ApiJavaSmartContractsApplication.run(ApiJavaSmartContractsApplication.java:59) ~[classes/:na]
	at org.springframework.boot.SpringApplication.lambda$callRunner$5(SpringApplication.java:791) ~[spring-boot-3.3.12.jar:3.3.12]
	at org.springframework.util.function.ThrowingConsumer$1.acceptWithException(ThrowingConsumer.java:82) ~[spring-core-6.1.20.jar:6.1.20]
	at org.springframework.util.function.ThrowingConsumer.accept(ThrowingConsumer.java:60) ~[spring-core-6.1.20.jar:6.1.20]
	at org.springframework.util.function.ThrowingConsumer$1.accept(ThrowingConsumer.java:86) ~[spring-core-6.1.20.jar:6.1.20]
	at org.springframework.boot.SpringApplication.callRunner(SpringApplication.java:799) ~[spring-boot-3.3.12.jar:3.3.12]
	at org.springframework.boot.SpringApplication.callRunner(SpringApplication.java:790) ~[spring-boot-3.3.12.jar:3.3.12]
	at org.springframework.boot.SpringApplication.lambda$callRunners$3(SpringApplication.java:775) ~[spring-boot-3.3.12.jar:3.3.12]
	at java.base/java.util.stream.ForEachOps$ForEachOp$OfRef.accept(ForEachOps.java:184) ~[na:na]
	at java.base/java.util.stream.SortedOps$SizedRefSortingSink.end(SortedOps.java:357) ~[na:na]
	at java.base/java.util.stream.AbstractPipeline.copyInto(AbstractPipeline.java:510) ~[na:na]
	at java.base/java.util.stream.AbstractPipeline.wrapAndCopyInto(AbstractPipeline.java:499) ~[na:na]
	at java.base/java.util.stream.ForEachOps$ForEachOp.evaluateSequential(ForEachOps.java:151) ~[na:na]
	at java.base/java.util.stream.ForEachOps$ForEachOp$OfRef.evaluateSequential(ForEachOps.java:174) ~[na:na]
	at java.base/java.util.stream.AbstractPipeline.evaluate(AbstractPipeline.java:234) ~[na:na]
	at java.base/java.util.stream.ReferencePipeline.forEach(ReferencePipeline.java:596) ~[na:na]
	at org.springframework.boot.SpringApplication.callRunners(SpringApplication.java:775) ~[spring-boot-3.3.12.jar:3.3.12]
	at org.springframework.boot.SpringApplication.run(SpringApplication.java:342) ~[spring-boot-3.3.12.jar:3.3.12]
	at org.springframework.boot.SpringApplication.run(SpringApplication.java:1364) ~[spring-boot-3.3.12.jar:3.3.12]
	at org.springframework.boot.SpringApplication.run(SpringApplication.java:1353) ~[spring-boot-3.3.12.jar:3.3.12]
	at com.votacao.api.ApiJavaSmartContractsApplication.main(ApiJavaSmartContractsApplication.java:52) ~[classes/:na]
	Suppressed: java.net.ConnectException: Failed to connect to localhost/127.0.0.1:8545
		... 42 common frames omitted
	Caused by: java.net.ConnectException: Connection refused: getsockopt
		at java.base/sun.nio.ch.Net.pollConnect(Native Method)
		at java.base/sun.nio.ch.Net.pollConnectNow(Net.java:682)
		at java.base/sun.nio.ch.NioSocketImpl.timedFinishConnect(NioSocketImpl.java:542)
		at java.base/sun.nio.ch.NioSocketImpl.connect(NioSocketImpl.java:592)
		at java.base/java.net.SocksSocketImpl.connect(SocksSocketImpl.java:327)
		at java.base/java.net.Socket.connect(Socket.java:751)
		at okhttp3.internal.platform.Platform.connectSocket(Platform.kt:128)
		at okhttp3.internal.connection.RealConnection.connectSocket(RealConnection.kt:295)
		... 41 common frames omitted
Caused by: java.net.ConnectException: Connection refused: getsockopt
	at java.base/sun.nio.ch.Net.pollConnect(Native Method) ~[na:na]
	at java.base/sun.nio.ch.Net.pollConnectNow(Net.java:682) ~[na:na]
	at java.base/sun.nio.ch.NioSocketImpl.timedFinishConnect(NioSocketImpl.java:542) ~[na:na]
	at java.base/sun.nio.ch.NioSocketImpl.connect(NioSocketImpl.java:592) ~[na:na]
	at java.base/java.net.SocksSocketImpl.connect(SocksSocketImpl.java:327) ~[na:na]
	at java.base/java.net.Socket.connect(Socket.java:751) ~[na:na]
	at okhttp3.internal.platform.Platform.connectSocket(Platform.kt:128) ~[okhttp-4.12.0.jar:na]
	at okhttp3.internal.connection.RealConnection.connectSocket(RealConnection.kt:295) ~[okhttp-4.12.0.jar:na]
	... 41 common frames omitted

2025-06-18T00:27:42.474-03:00  INFO 18364 --- [api-java-smart-contracts] [main] c.v.a.ApiJavaSmartContractsApplication   : Starting ApiJavaSmartContractsApplication using Java 21.0.7 with PID 18364 (C:\Users\DELL\api-java-smart-contracts\target\classes started by DELL in C:\Users\DELL\api-java-smart-contracts)
2025-06-18T00:27:42.476-03:00  INFO 18364 --- [api-java-smart-contracts] [main] c.v.a.ApiJavaSmartContractsApplication   : No active profile set, falling back to 1 default profile: "default"
2025-06-18T00:27:43.576-03:00  INFO 18364 --- [api-java-smart-contracts] [main] o.s.b.w.embedded.tomcat.TomcatWebServer  : Tomcat initialized with port 8080 (http)
2025-06-18T00:27:43.593-03:00  INFO 18364 --- [api-java-smart-contracts] [main] o.apache.catalina.core.StandardService   : Starting service [Tomcat]
2025-06-18T00:27:43.594-03:00  INFO 18364 --- [api-java-smart-contracts] [main] o.apache.catalina.core.StandardEngine    : Starting Servlet engine: [Apache Tomcat/10.1.41]
2025-06-18T00:27:43.670-03:00  INFO 18364 --- [api-java-smart-contracts] [main] o.a.c.c.C.[Tomcat].[localhost].[/]       : Initializing Spring embedded WebApplicationContext
2025-06-18T00:27:43.671-03:00  INFO 18364 --- [api-java-smart-contracts] [main] w.s.c.ServletWebServerApplicationContext : Root WebApplicationContext: initialization completed in 1154 ms
2025-06-18T00:27:44.469-03:00 DEBUG 18364 --- [api-java-smart-contracts] [main] org.web3j.protocol.http.HttpService      : --> POST http://localhost:8545/
2025-06-18T00:27:44.470-03:00 DEBUG 18364 --- [api-java-smart-contracts] [main] org.web3j.protocol.http.HttpService      : Content-Type: application/json; charset=utf-8
2025-06-18T00:27:44.471-03:00 DEBUG 18364 --- [api-java-smart-contracts] [main] org.web3j.protocol.http.HttpService      : Content-Length: 66
2025-06-18T00:27:44.471-03:00 DEBUG 18364 --- [api-java-smart-contracts] [main] org.web3j.protocol.http.HttpService      : 
2025-06-18T00:27:44.473-03:00 DEBUG 18364 --- [api-java-smart-contracts] [main] org.web3j.protocol.http.HttpService      : {"jsonrpc":"2.0","method":"web3_clientVersion","params":[],"id":0}
2025-06-18T00:27:44.474-03:00 DEBUG 18364 --- [api-java-smart-contracts] [main] org.web3j.protocol.http.HttpService      : --> END POST (66-byte body)
2025-06-18T00:27:44.528-03:00 DEBUG 18364 --- [api-java-smart-contracts] [main] org.web3j.protocol.http.HttpService      : <-- 200 OK http://localhost:8545/ (53ms)
2025-06-18T00:27:44.528-03:00 DEBUG 18364 --- [api-java-smart-contracts] [main] org.web3j.protocol.http.HttpService      : Content-Type: application/json
2025-06-18T00:27:44.528-03:00 DEBUG 18364 --- [api-java-smart-contracts] [main] org.web3j.protocol.http.HttpService      : Date: Wed, 18 Jun 2025 03:27:44 GMT
2025-06-18T00:27:44.528-03:00 DEBUG 18364 --- [api-java-smart-contracts] [main] org.web3j.protocol.http.HttpService      : Connection: keep-alive
2025-06-18T00:27:44.529-03:00 DEBUG 18364 --- [api-java-smart-contracts] [main] org.web3j.protocol.http.HttpService      : Keep-Alive: timeout=5
2025-06-18T00:27:44.529-03:00 DEBUG 18364 --- [api-java-smart-contracts] [main] org.web3j.protocol.http.HttpService      : Content-Length: 88
2025-06-18T00:27:44.529-03:00 DEBUG 18364 --- [api-java-smart-contracts] [main] org.web3j.protocol.http.HttpService      : 
2025-06-18T00:27:44.529-03:00 DEBUG 18364 --- [api-java-smart-contracts] [main] org.web3j.protocol.http.HttpService      : {"id":0,"jsonrpc":"2.0","result":"Ganache/v7.7.3/EthereumJS TestRPC/v7.7.3/ethereum-js"}
2025-06-18T00:27:44.530-03:00 DEBUG 18364 --- [api-java-smart-contracts] [main] org.web3j.protocol.http.HttpService      : <-- END HTTP (88-byte body)
2025-06-18T00:27:44.563-03:00  INFO 18364 --- [api-java-smart-contracts] [main] b.a.service.BlockchainService            : Conectado ao nó Ethereum - Versão: Ganache/v7.7.3/EthereumJS TestRPC/v7.7.3/ethereum-js
2025-06-18T00:27:44.715-03:00  INFO 18364 --- [api-java-smart-contracts] [main] o.s.v.b.OptionalValidatorFactoryBean     : Failed to set up a Bean Validation provider: jakarta.validation.NoProviderFoundException: Unable to create a Configuration, because no Jakarta Bean Validation provider could be found. Add a provider like Hibernate Validator (RI) to your classpath.
2025-06-18T00:27:44.780-03:00 DEBUG 18364 --- [api-java-smart-contracts] [main] s.w.s.m.m.a.RequestMappingHandlerMapping : 12 mappings in 'requestMappingHandlerMapping'
2025-06-18T00:27:44.844-03:00 DEBUG 18364 --- [api-java-smart-contracts] [main] o.s.w.s.handler.SimpleUrlHandlerMapping  : Patterns [/webjars/**, /**, /swagger-ui*/*swagger-initializer.js, /swagger-ui*/**] in 'resourceHandlerMapping'
2025-06-18T00:27:44.865-03:00 DEBUG 18364 --- [api-java-smart-contracts] [main] s.w.s.m.m.a.RequestMappingHandlerAdapter : ControllerAdvice beans: 0 @ModelAttribute, 0 @InitBinder, 1 RequestBodyAdvice, 1 ResponseBodyAdvice
2025-06-18T00:27:44.895-03:00 DEBUG 18364 --- [api-java-smart-contracts] [main] .m.m.a.ExceptionHandlerExceptionResolver : ControllerAdvice beans: 1 @ExceptionHandler, 1 ResponseBodyAdvice
2025-06-18T00:27:45.021-03:00  INFO 18364 --- [api-java-smart-contracts] [main] o.s.b.w.embedded.tomcat.TomcatWebServer  : Tomcat started on port 8080 (http) with context path '/'
2025-06-18T00:27:45.030-03:00  INFO 18364 --- [api-java-smart-contracts] [main] c.v.a.ApiJavaSmartContractsApplication   : Started ApiJavaSmartContractsApplication in 2.974 seconds (process running for 3.321)
2025-06-18T00:27:45.034-03:00 DEBUG 18364 --- [api-java-smart-contracts] [main] org.web3j.protocol.http.HttpService      : --> POST http://localhost:8545/
2025-06-18T00:27:45.034-03:00 DEBUG 18364 --- [api-java-smart-contracts] [main] org.web3j.protocol.http.HttpService      : Content-Type: application/json; charset=utf-8
2025-06-18T00:27:45.034-03:00 DEBUG 18364 --- [api-java-smart-contracts] [main] org.web3j.protocol.http.HttpService      : Content-Length: 66
2025-06-18T00:27:45.035-03:00 DEBUG 18364 --- [api-java-smart-contracts] [main] org.web3j.protocol.http.HttpService      : 
2025-06-18T00:27:45.035-03:00 DEBUG 18364 --- [api-java-smart-contracts] [main] org.web3j.protocol.http.HttpService      : {"jsonrpc":"2.0","method":"web3_clientVersion","params":[],"id":1}
2025-06-18T00:27:45.036-03:00 DEBUG 18364 --- [api-java-smart-contracts] [main] org.web3j.protocol.http.HttpService      : --> END POST (66-byte body)
2025-06-18T00:27:45.040-03:00 DEBUG 18364 --- [api-java-smart-contracts] [main] org.web3j.protocol.http.HttpService      : <-- 200 OK http://localhost:8545/ (3ms)
2025-06-18T00:27:45.040-03:00 DEBUG 18364 --- [api-java-smart-contracts] [main] org.web3j.protocol.http.HttpService      : Content-Type: application/json
2025-06-18T00:27:45.040-03:00 DEBUG 18364 --- [api-java-smart-contracts] [main] org.web3j.protocol.http.HttpService      : Date: Wed, 18 Jun 2025 03:27:45 GMT
2025-06-18T00:27:45.041-03:00 DEBUG 18364 --- [api-java-smart-contracts] [main] org.web3j.protocol.http.HttpService      : Connection: keep-alive
2025-06-18T00:27:45.041-03:00 DEBUG 18364 --- [api-java-smart-contracts] [main] org.web3j.protocol.http.HttpService      : Keep-Alive: timeout=5
2025-06-18T00:27:45.041-03:00 DEBUG 18364 --- [api-java-smart-contracts] [main] org.web3j.protocol.http.HttpService      : Content-Length: 88
2025-06-18T00:27:45.042-03:00 DEBUG 18364 --- [api-java-smart-contracts] [main] org.web3j.protocol.http.HttpService      : 
2025-06-18T00:27:45.042-03:00 DEBUG 18364 --- [api-java-smart-contracts] [main] org.web3j.protocol.http.HttpService      : {"id":1,"jsonrpc":"2.0","result":"Ganache/v7.7.3/EthereumJS TestRPC/v7.7.3/ethereum-js"}
2025-06-18T00:27:45.042-03:00 DEBUG 18364 --- [api-java-smart-contracts] [main] org.web3j.protocol.http.HttpService      : <-- END HTTP (88-byte body)
2025-06-18T00:27:45.043-03:00  INFO 18364 --- [api-java-smart-contracts] [main] c.v.a.ApiJavaSmartContractsApplication   : Conectado ao nó Ethereum: http://localhost:8545
2025-06-18T00:27:45.046-03:00 DEBUG 18364 --- [api-java-smart-contracts] [main] org.web3j.protocol.http.HttpService      : --> POST http://localhost:8545/
2025-06-18T00:27:45.047-03:00 DEBUG 18364 --- [api-java-smart-contracts] [main] org.web3j.protocol.http.HttpService      : Content-Type: application/json; charset=utf-8
2025-06-18T00:27:45.047-03:00 DEBUG 18364 --- [api-java-smart-contracts] [main] org.web3j.protocol.http.HttpService      : Content-Length: 115
2025-06-18T00:27:45.047-03:00 DEBUG 18364 --- [api-java-smart-contracts] [main] org.web3j.protocol.http.HttpService      : 
2025-06-18T00:27:45.047-03:00 DEBUG 18364 --- [api-java-smart-contracts] [main] org.web3j.protocol.http.HttpService      : {"jsonrpc":"2.0","method":"eth_getBalance","params":["0xb98b45e094d07926522b659bce5dd0d9eeab6d93","latest"],"id":2}
2025-06-18T00:27:45.047-03:00 DEBUG 18364 --- [api-java-smart-contracts] [main] org.web3j.protocol.http.HttpService      : --> END POST (115-byte body)
2025-06-18T00:27:45.050-03:00 DEBUG 18364 --- [api-java-smart-contracts] [main] org.web3j.protocol.http.HttpService      : <-- 200 OK http://localhost:8545/ (2ms)
2025-06-18T00:27:45.051-03:00 DEBUG 18364 --- [api-java-smart-contracts] [main] org.web3j.protocol.http.HttpService      : Content-Type: application/json
2025-06-18T00:27:45.051-03:00 DEBUG 18364 --- [api-java-smart-contracts] [main] org.web3j.protocol.http.HttpService      : Date: Wed, 18 Jun 2025 03:27:45 GMT
2025-06-18T00:27:45.052-03:00 DEBUG 18364 --- [api-java-smart-contracts] [main] org.web3j.protocol.http.HttpService      : Connection: keep-alive
2025-06-18T00:27:45.052-03:00 DEBUG 18364 --- [api-java-smart-contracts] [main] org.web3j.protocol.http.HttpService      : Keep-Alive: timeout=5
2025-06-18T00:27:45.052-03:00 DEBUG 18364 --- [api-java-smart-contracts] [main] org.web3j.protocol.http.HttpService      : Content-Length: 55
2025-06-18T00:27:45.052-03:00 DEBUG 18364 --- [api-java-smart-contracts] [main] org.web3j.protocol.http.HttpService      : 
2025-06-18T00:27:45.052-03:00 DEBUG 18364 --- [api-java-smart-contracts] [main] org.web3j.protocol.http.HttpService      : {"id":2,"jsonrpc":"2.0","result":"0x56a69223dbd3e5de4"}
2025-06-18T00:27:45.053-03:00 DEBUG 18364 --- [api-java-smart-contracts] [main] org.web3j.protocol.http.HttpService      : <-- END HTTP (55-byte body)
2025-06-18T00:27:45.055-03:00  INFO 18364 --- [api-java-smart-contracts] [main] c.v.a.ApiJavaSmartContractsApplication   : Saldo da conta 0xb98b45e094d07926522b659bce5dd0d9eeab6d93: 99.901.417.857.686.068.708 Wei
2025-06-18T00:27:45.056-03:00  INFO 18364 --- [api-java-smart-contracts] [main] c.v.a.ApiJavaSmartContractsApplication   : Endereço do contrato de votação: 0xD253bf6291b657DE41F96DBf7D2D8c9ebB2AC159
2025-06-18T00:27:45.056-03:00  INFO 18364 --- [api-java-smart-contracts] [main] c.v.a.ApiJavaSmartContractsApplication   : Tentando adicionar candidato 'Candidato Teste'...
2025-06-18T00:27:45.069-03:00 DEBUG 18364 --- [api-java-smart-contracts] [pool-2-thread-1] org.web3j.protocol.http.HttpService      : --> POST http://localhost:8545/
2025-06-18T00:27:45.069-03:00 DEBUG 18364 --- [api-java-smart-contracts] [pool-2-thread-1] org.web3j.protocol.http.HttpService      : Content-Type: application/json; charset=utf-8
2025-06-18T00:27:45.070-03:00 DEBUG 18364 --- [api-java-smart-contracts] [pool-2-thread-1] org.web3j.protocol.http.HttpService      : Content-Length: 378
2025-06-18T00:27:45.070-03:00 DEBUG 18364 --- [api-java-smart-contracts] [pool-2-thread-1] org.web3j.protocol.http.HttpService      : 
2025-06-18T00:27:45.070-03:00 DEBUG 18364 --- [api-java-smart-contracts] [pool-2-thread-1] org.web3j.protocol.http.HttpService      : {"jsonrpc":"2.0","method":"eth_estimateGas","params":[{"from":"0xb98b45e094d07926522b659bce5dd0d9eeab6d93","to":"0xD253bf6291b657DE41F96DBf7D2D8c9ebB2AC159","data":"0x985c64d00000000000000000000000000000000000000000000000000000000000000020000000000000000000000000000000000000000000000000000000000000000f43616e64696461746f2054657374650000000000000000000000000000000000"}],"id":3}
2025-06-18T00:27:45.070-03:00 DEBUG 18364 --- [api-java-smart-contracts] [pool-2-thread-1] org.web3j.protocol.http.HttpService      : --> END POST (378-byte body)
2025-06-18T00:27:45.223-03:00 DEBUG 18364 --- [api-java-smart-contracts] [pool-2-thread-1] org.web3j.protocol.http.HttpService      : <-- 200 OK http://localhost:8545/ (153ms)
2025-06-18T00:27:45.224-03:00 DEBUG 18364 --- [api-java-smart-contracts] [pool-2-thread-1] org.web3j.protocol.http.HttpService      : Content-Type: application/json
2025-06-18T00:27:45.224-03:00 DEBUG 18364 --- [api-java-smart-contracts] [pool-2-thread-1] org.web3j.protocol.http.HttpService      : Date: Wed, 18 Jun 2025 03:27:45 GMT
2025-06-18T00:27:45.225-03:00 DEBUG 18364 --- [api-java-smart-contracts] [pool-2-thread-1] org.web3j.protocol.http.HttpService      : Connection: keep-alive
2025-06-18T00:27:45.225-03:00 DEBUG 18364 --- [api-java-smart-contracts] [pool-2-thread-1] org.web3j.protocol.http.HttpService      : Keep-Alive: timeout=5
2025-06-18T00:27:45.225-03:00 DEBUG 18364 --- [api-java-smart-contracts] [pool-2-thread-1] org.web3j.protocol.http.HttpService      : Content-Length: 43
2025-06-18T00:27:45.225-03:00 DEBUG 18364 --- [api-java-smart-contracts] [pool-2-thread-1] org.web3j.protocol.http.HttpService      : 
2025-06-18T00:27:45.226-03:00 DEBUG 18364 --- [api-java-smart-contracts] [pool-2-thread-1] org.web3j.protocol.http.HttpService      : {"id":3,"jsonrpc":"2.0","result":"0x17a6b"}
2025-06-18T00:27:45.226-03:00 DEBUG 18364 --- [api-java-smart-contracts] [pool-2-thread-1] org.web3j.protocol.http.HttpService      : <-- END HTTP (43-byte body)
2025-06-18T00:27:45.228-03:00  INFO 18364 --- [api-java-smart-contracts] [main] b.a.service.VotingService                : Gás estimado para adicionar o candidato 'Candidato Teste': 96875
2025-06-18T00:27:45.230-03:00 DEBUG 18364 --- [api-java-smart-contracts] [main] org.web3j.protocol.http.HttpService      : --> POST http://localhost:8545/
2025-06-18T00:27:45.230-03:00 DEBUG 18364 --- [api-java-smart-contracts] [main] org.web3j.protocol.http.HttpService      : Content-Type: application/json; charset=utf-8
2025-06-18T00:27:45.231-03:00 DEBUG 18364 --- [api-java-smart-contracts] [main] org.web3j.protocol.http.HttpService      : Content-Length: 125
2025-06-18T00:27:45.231-03:00 DEBUG 18364 --- [api-java-smart-contracts] [main] org.web3j.protocol.http.HttpService      : 
2025-06-18T00:27:45.231-03:00 DEBUG 18364 --- [api-java-smart-contracts] [main] org.web3j.protocol.http.HttpService      : {"jsonrpc":"2.0","method":"eth_getTransactionCount","params":["0xb98b45e094d07926522b659bce5dd0d9eeab6d93","pending"],"id":4}
2025-06-18T00:27:45.231-03:00 DEBUG 18364 --- [api-java-smart-contracts] [main] org.web3j.protocol.http.HttpService      : --> END POST (125-byte body)
2025-06-18T00:27:45.233-03:00 DEBUG 18364 --- [api-java-smart-contracts] [main] org.web3j.protocol.http.HttpService      : <-- 200 OK http://localhost:8545/ (1ms)
2025-06-18T00:27:45.234-03:00 DEBUG 18364 --- [api-java-smart-contracts] [main] org.web3j.protocol.http.HttpService      : Content-Type: application/json
2025-06-18T00:27:45.234-03:00 DEBUG 18364 --- [api-java-smart-contracts] [main] org.web3j.protocol.http.HttpService      : Date: Wed, 18 Jun 2025 03:27:45 GMT
2025-06-18T00:27:45.234-03:00 DEBUG 18364 --- [api-java-smart-contracts] [main] org.web3j.protocol.http.HttpService      : Connection: keep-alive
2025-06-18T00:27:45.234-03:00 DEBUG 18364 --- [api-java-smart-contracts] [main] org.web3j.protocol.http.HttpService      : Keep-Alive: timeout=5
2025-06-18T00:27:45.235-03:00 DEBUG 18364 --- [api-java-smart-contracts] [main] org.web3j.protocol.http.HttpService      : Content-Length: 40
2025-06-18T00:27:45.235-03:00 DEBUG 18364 --- [api-java-smart-contracts] [main] org.web3j.protocol.http.HttpService      : 
2025-06-18T00:27:45.235-03:00 DEBUG 18364 --- [api-java-smart-contracts] [main] org.web3j.protocol.http.HttpService      : {"id":4,"jsonrpc":"2.0","result":"0x1f"}
2025-06-18T00:27:45.235-03:00 DEBUG 18364 --- [api-java-smart-contracts] [main] org.web3j.protocol.http.HttpService      : <-- END HTTP (40-byte body)
2025-06-18T00:27:45.257-03:00 DEBUG 18364 --- [api-java-smart-contracts] [main] org.web3j.protocol.http.HttpService      : --> POST http://localhost:8545/
2025-06-18T00:27:45.257-03:00 DEBUG 18364 --- [api-java-smart-contracts] [main] org.web3j.protocol.http.HttpService      : Content-Type: application/json; charset=utf-8
2025-06-18T00:27:45.257-03:00 DEBUG 18364 --- [api-java-smart-contracts] [main] org.web3j.protocol.http.HttpService      : Content-Length: 480
2025-06-18T00:27:45.258-03:00 DEBUG 18364 --- [api-java-smart-contracts] [main] org.web3j.protocol.http.HttpService      : 
2025-06-18T00:27:45.258-03:00 DEBUG 18364 --- [api-java-smart-contracts] [main] org.web3j.protocol.http.HttpService      : {"jsonrpc":"2.0","method":"eth_sendRawTransaction","params":["0xf8c91f84f46109008389544094d253bf6291b657de41f96dbf7d2d8c9ebb2ac15980b864985c64d00000000000000000000000000000000000000000000000000000000000000020000000000000000000000000000000000000000000000000000000000000000f43616e64696461746f20546573746500000000000000000000000000000000001ca08c95dd366b1c1d11ddc9efca659cb4e563cf1ccbbe5d54d4f186a29fd1e59a9ea00acccc0934c367c508713a75314a7ef9bebe41072eb1bf20a3e3bf258160ebb2"],"id":5}
2025-06-18T00:27:45.258-03:00 DEBUG 18364 --- [api-java-smart-contracts] [main] org.web3j.protocol.http.HttpService      : --> END POST (480-byte body)
2025-06-18T00:27:45.262-03:00 DEBUG 18364 --- [api-java-smart-contracts] [main] org.web3j.protocol.http.HttpService      : <-- 200 OK http://localhost:8545/ (4ms)
2025-06-18T00:27:45.263-03:00 DEBUG 18364 --- [api-java-smart-contracts] [main] org.web3j.protocol.http.HttpService      : Content-Type: application/json
2025-06-18T00:27:45.263-03:00 DEBUG 18364 --- [api-java-smart-contracts] [main] org.web3j.protocol.http.HttpService      : Date: Wed, 18 Jun 2025 03:27:45 GMT
2025-06-18T00:27:45.263-03:00 DEBUG 18364 --- [api-java-smart-contracts] [main] org.web3j.protocol.http.HttpService      : Connection: keep-alive
2025-06-18T00:27:45.264-03:00 DEBUG 18364 --- [api-java-smart-contracts] [main] org.web3j.protocol.http.HttpService      : Keep-Alive: timeout=5
2025-06-18T00:27:45.264-03:00 DEBUG 18364 --- [api-java-smart-contracts] [main] org.web3j.protocol.http.HttpService      : Content-Length: 1801
2025-06-18T00:27:45.264-03:00 DEBUG 18364 --- [api-java-smart-contracts] [main] org.web3j.protocol.http.HttpService      : 
2025-06-18T00:27:45.264-03:00 DEBUG 18364 --- [api-java-smart-contracts] [main] org.web3j.protocol.http.HttpService      : {"id":5,"jsonrpc":"2.0","error":{"message":"exceeds block gas limit","stack":"Error: exceeds block gas limit\n    at TransactionPool.<anonymous> (C:\\Program Files\\WindowsApps\\GanacheUI_2.7.1.0_x64__rb4352f0jd4m2\\app\\resources\\static\\node\\node_modules\\ganache\\dist\\node\\1.js:2:120454)\n    at TransactionPool.prepareTransaction (C:\\Program Files\\WindowsApps\\GanacheUI_2.7.1.0_x64__rb4352f0jd4m2\\app\\resources\\static\\node\\node_modules\\ganache\\dist\\node\\1.js:2:120796)\n    at TransactionManager.add (C:\\Program Files\\WindowsApps\\GanacheUI_2.7.1.0_x64__rb4352f0jd4m2\\app\\resources\\static\\node\\node_modules\\ganache\\dist\\node\\1.js:2:138284)\n    at Blockchain.queueTransaction (C:\\Program Files\\WindowsApps\\GanacheUI_2.7.1.0_x64__rb4352f0jd4m2\\app\\resources\\static\\node\\node_modules\\ganache\\dist\\node\\1.js:2:70776)\n    at EthereumApi.eth_sendRawTransaction (C:\\Program Files\\WindowsApps\\GanacheUI_2.7.1.0_x64__rb4352f0jd4m2\\app\\resources\\static\\node\\node_modules\\ganache\\dist\\node\\1.js:2:88213)\n    at EthereumApi.n.value (C:\\Program Files\\WindowsApps\\GanacheUI_2.7.1.0_x64__rb4352f0jd4m2\\app\\resources\\static\\node\\node_modules\\ganache\\dist\\node\\1.js:2:238968)\n    at Object.execute (C:\\Program Files\\WindowsApps\\GanacheUI_2.7.1.0_x64__rb4352f0jd4m2\\app\\resources\\static\\node\\node_modules\\ganache\\dist\\node\\1.js:2:165607)\n    at RequestCoordinator.<anonymous> (C:\\Program Files\\WindowsApps\\GanacheUI_2.7.1.0_x64__rb4352f0jd4m2\\app\\resources\\static\\node\\node_modules\\ganache\\dist\\node\\1.js:2:165421)\n    at C:\\Program Files\\WindowsApps\\GanacheUI_2.7.1.0_x64__rb4352f0jd4m2\\app\\resources\\static\\node\\node_modules\\ganache\\dist\\node\\1.js:2:165687\n    at new Promise (<anonymous>)","code":-32000}}
2025-06-18T00:27:45.265-03:00 DEBUG 18364 --- [api-java-smart-contracts] [main] org.web3j.protocol.http.HttpService      : <-- END HTTP (1801-byte body)
2025-06-18T00:27:45.266-03:00 ERROR 18364 --- [api-java-smart-contracts] [main] c.v.a.ApiJavaSmartContractsApplication   : Erro ao interagir com o contrato: JsonRpcError thrown with code -32000. Message: exceeds block gas limit

org.web3j.protocol.exceptions.TransactionException: JsonRpcError thrown with code -32000. Message: exceeds block gas limit
	at org.web3j.tx.Contract.executeTransaction(Contract.java:424) ~[core-4.10.0.jar:na]
	at org.web3j.tx.Contract.executeTransaction(Contract.java:373) ~[core-4.10.0.jar:na]
	at org.web3j.tx.Contract.executeTransaction(Contract.java:367) ~[core-4.10.0.jar:na]
	at org.web3j.tx.Contract.executeTransaction(Contract.java:362) ~[core-4.10.0.jar:na]
	at org.web3j.tx.Contract.lambda$executeRemoteCallTransaction$3(Contract.java:467) ~[core-4.10.0.jar:na]
	at org.web3j.protocol.core.RemoteCall.send(RemoteCall.java:42) ~[core-4.10.0.jar:na]
	at blockchain.api_java_smart_contracts.service.VotingService.adicionarCandidato(VotingService.java:104) ~[classes/:na]
	at com.votacao.api.ApiJavaSmartContractsApplication.interagirComContrato(ApiJavaSmartContractsApplication.java:95) ~[classes/:na]
	at com.votacao.api.ApiJavaSmartContractsApplication.run(ApiJavaSmartContractsApplication.java:78) ~[classes/:na]
	at org.springframework.boot.SpringApplication.lambda$callRunner$5(SpringApplication.java:791) ~[spring-boot-3.3.12.jar:3.3.12]
	at org.springframework.util.function.ThrowingConsumer$1.acceptWithException(ThrowingConsumer.java:82) ~[spring-core-6.1.20.jar:6.1.20]
	at org.springframework.util.function.ThrowingConsumer.accept(ThrowingConsumer.java:60) ~[spring-core-6.1.20.jar:6.1.20]
	at org.springframework.util.function.ThrowingConsumer$1.accept(ThrowingConsumer.java:86) ~[spring-core-6.1.20.jar:6.1.20]
	at org.springframework.boot.SpringApplication.callRunner(SpringApplication.java:799) ~[spring-boot-3.3.12.jar:3.3.12]
	at org.springframework.boot.SpringApplication.callRunner(SpringApplication.java:790) ~[spring-boot-3.3.12.jar:3.3.12]
	at org.springframework.boot.SpringApplication.lambda$callRunners$3(SpringApplication.java:775) ~[spring-boot-3.3.12.jar:3.3.12]
	at java.base/java.util.stream.ForEachOps$ForEachOp$OfRef.accept(ForEachOps.java:184) ~[na:na]
	at java.base/java.util.stream.SortedOps$SizedRefSortingSink.end(SortedOps.java:357) ~[na:na]
	at java.base/java.util.stream.AbstractPipeline.copyInto(AbstractPipeline.java:510) ~[na:na]
	at java.base/java.util.stream.AbstractPipeline.wrapAndCopyInto(AbstractPipeline.java:499) ~[na:na]
	at java.base/java.util.stream.ForEachOps$ForEachOp.evaluateSequential(ForEachOps.java:151) ~[na:na]
	at java.base/java.util.stream.ForEachOps$ForEachOp$OfRef.evaluateSequential(ForEachOps.java:174) ~[na:na]
	at java.base/java.util.stream.AbstractPipeline.evaluate(AbstractPipeline.java:234) ~[na:na]
	at java.base/java.util.stream.ReferencePipeline.forEach(ReferencePipeline.java:596) ~[na:na]
	at org.springframework.boot.SpringApplication.callRunners(SpringApplication.java:775) ~[spring-boot-3.3.12.jar:3.3.12]
	at org.springframework.boot.SpringApplication.run(SpringApplication.java:342) ~[spring-boot-3.3.12.jar:3.3.12]
	at org.springframework.boot.SpringApplication.run(SpringApplication.java:1364) ~[spring-boot-3.3.12.jar:3.3.12]
	at org.springframework.boot.SpringApplication.run(SpringApplication.java:1353) ~[spring-boot-3.3.12.jar:3.3.12]
	at com.votacao.api.ApiJavaSmartContractsApplication.main(ApiJavaSmartContractsApplication.java:52) ~[classes/:na]

2025-06-18T00:30:28.909-03:00  INFO 18364 --- [api-java-smart-contracts] [http-nio-8080-exec-1] o.a.c.c.C.[Tomcat].[localhost].[/]       : Initializing Spring DispatcherServlet 'dispatcherServlet'
2025-06-18T00:30:28.912-03:00  INFO 18364 --- [api-java-smart-contracts] [http-nio-8080-exec-1] o.s.web.servlet.DispatcherServlet        : Initializing Servlet 'dispatcherServlet'
2025-06-18T00:30:28.914-03:00 DEBUG 18364 --- [api-java-smart-contracts] [http-nio-8080-exec-1] o.s.web.servlet.DispatcherServlet        : Detected StandardServletMultipartResolver
2025-06-18T00:30:28.915-03:00 DEBUG 18364 --- [api-java-smart-contracts] [http-nio-8080-exec-1] o.s.web.servlet.DispatcherServlet        : Detected AcceptHeaderLocaleResolver
2025-06-18T00:30:28.915-03:00 DEBUG 18364 --- [api-java-smart-contracts] [http-nio-8080-exec-1] o.s.web.servlet.DispatcherServlet        : Detected FixedThemeResolver
2025-06-18T00:30:28.925-03:00 DEBUG 18364 --- [api-java-smart-contracts] [http-nio-8080-exec-1] o.s.web.servlet.DispatcherServlet        : Detected org.springframework.web.servlet.view.DefaultRequestToViewNameTranslator@6e4482bc
2025-06-18T00:30:28.926-03:00 DEBUG 18364 --- [api-java-smart-contracts] [http-nio-8080-exec-1] o.s.web.servlet.DispatcherServlet        : Detected org.springframework.web.servlet.support.SessionFlashMapManager@3c50f42e
2025-06-18T00:30:28.927-03:00 DEBUG 18364 --- [api-java-smart-contracts] [http-nio-8080-exec-1] o.s.web.servlet.DispatcherServlet        : enableLoggingRequestDetails='false': request parameters and headers will be masked to prevent unsafe logging of potentially sensitive data
2025-06-18T00:30:28.927-03:00  INFO 18364 --- [api-java-smart-contracts] [http-nio-8080-exec-1] o.s.web.servlet.DispatcherServlet        : Completed initialization in 15 ms
2025-06-18T00:30:28.941-03:00 DEBUG 18364 --- [api-java-smart-contracts] [http-nio-8080-exec-1] o.s.web.servlet.DispatcherServlet        : GET "/", parameters={}
2025-06-18T00:30:28.953-03:00 DEBUG 18364 --- [api-java-smart-contracts] [http-nio-8080-exec-1] o.s.w.s.handler.SimpleUrlHandlerMapping  : Mapped to ResourceHttpRequestHandler [classpath [META-INF/resources/], classpath [resources/], classpath [static/], classpath [public/], ServletContext [/]]
2025-06-18T00:30:28.967-03:00 DEBUG 18364 --- [api-java-smart-contracts] [http-nio-8080-exec-1] o.s.w.s.r.ResourceHttpRequestHandler     : Resource not found
2025-06-18T00:30:28.975-03:00 DEBUG 18364 --- [api-java-smart-contracts] [http-nio-8080-exec-1] .w.s.m.s.DefaultHandlerExceptionResolver : Resolved [org.springframework.web.servlet.resource.NoResourceFoundException: No static resource .]
2025-06-18T00:30:28.976-03:00 DEBUG 18364 --- [api-java-smart-contracts] [http-nio-8080-exec-1] o.s.web.servlet.DispatcherServlet        : Completed 404 NOT_FOUND
2025-06-18T00:30:28.989-03:00 DEBUG 18364 --- [api-java-smart-contracts] [http-nio-8080-exec-1] o.s.web.servlet.DispatcherServlet        : "ERROR" dispatch for GET "/error", parameters={}
2025-06-18T00:30:28.992-03:00 DEBUG 18364 --- [api-java-smart-contracts] [http-nio-8080-exec-1] s.w.s.m.m.a.RequestMappingHandlerMapping : Mapped to org.springframework.boot.autoconfigure.web.servlet.error.BasicErrorController#error(HttpServletRequest)
2025-06-18T00:30:29.024-03:00 DEBUG 18364 --- [api-java-smart-contracts] [http-nio-8080-exec-1] o.s.w.s.m.m.a.HttpEntityMethodProcessor  : Using 'application/json', given [*/*] and supported [application/json, application/*+json]
2025-06-18T00:30:29.026-03:00 DEBUG 18364 --- [api-java-smart-contracts] [http-nio-8080-exec-1] o.s.w.s.m.m.a.HttpEntityMethodProcessor  : Writing [{timestamp=Wed Jun 18 00:30:29 BRT 2025, status=404, error=Not Found, path=/}]
2025-06-18T00:30:29.045-03:00 DEBUG 18364 --- [api-java-smart-contracts] [http-nio-8080-exec-1] o.s.web.servlet.DispatcherServlet        : Exiting from "ERROR" dispatch, status 404
2025-06-18T00:30:46.271-03:00 DEBUG 18364 --- [api-java-smart-contracts] [http-nio-8080-exec-2] o.s.web.servlet.DispatcherServlet        : GET "/HNAP1/", parameters={}
2025-06-18T00:30:46.274-03:00 DEBUG 18364 --- [api-java-smart-contracts] [http-nio-8080-exec-2] o.s.w.s.handler.SimpleUrlHandlerMapping  : Mapped to ResourceHttpRequestHandler [classpath [META-INF/resources/], classpath [resources/], classpath [static/], classpath [public/], ServletContext [/]]
2025-06-18T00:30:46.276-03:00 DEBUG 18364 --- [api-java-smart-contracts] [http-nio-8080-exec-2] o.s.w.s.r.ResourceHttpRequestHandler     : Resource not found
2025-06-18T00:30:46.277-03:00 DEBUG 18364 --- [api-java-smart-contracts] [http-nio-8080-exec-2] .w.s.m.s.DefaultHandlerExceptionResolver : Resolved [org.springframework.web.servlet.resource.NoResourceFoundException: No static resource HNAP1.]
2025-06-18T00:30:46.277-03:00 DEBUG 18364 --- [api-java-smart-contracts] [http-nio-8080-exec-2] o.s.web.servlet.DispatcherServlet        : Completed 404 NOT_FOUND
2025-06-18T00:30:46.278-03:00 DEBUG 18364 --- [api-java-smart-contracts] [http-nio-8080-exec-2] o.s.web.servlet.DispatcherServlet        : "ERROR" dispatch for GET "/error", parameters={}
2025-06-18T00:30:46.278-03:00 DEBUG 18364 --- [api-java-smart-contracts] [http-nio-8080-exec-2] s.w.s.m.m.a.RequestMappingHandlerMapping : Mapped to org.springframework.boot.autoconfigure.web.servlet.error.BasicErrorController#error(HttpServletRequest)
2025-06-18T00:30:46.280-03:00 DEBUG 18364 --- [api-java-smart-contracts] [http-nio-8080-exec-2] o.s.w.s.m.m.a.HttpEntityMethodProcessor  : Using 'application/json', given [*/*] and supported [application/json, application/*+json]
2025-06-18T00:30:46.280-03:00 DEBUG 18364 --- [api-java-smart-contracts] [http-nio-8080-exec-2] o.s.w.s.m.m.a.HttpEntityMethodProcessor  : Writing [{timestamp=Wed Jun 18 00:30:46 BRT 2025, status=404, error=Not Found, path=/HNAP1/}]
2025-06-18T00:30:46.281-03:00 DEBUG 18364 --- [api-java-smart-contracts] [http-nio-8080-exec-2] o.s.web.servlet.DispatcherServlet        : Exiting from "ERROR" dispatch, status 404
2025-06-18T00:30:48.422-03:00 DEBUG 18364 --- [api-java-smart-contracts] [http-nio-8080-exec-3] o.s.web.servlet.DispatcherServlet        : GET "/", parameters={}
2025-06-18T00:30:48.424-03:00 DEBUG 18364 --- [api-java-smart-contracts] [http-nio-8080-exec-3] o.s.w.s.handler.SimpleUrlHandlerMapping  : Mapped to ResourceHttpRequestHandler [classpath [META-INF/resources/], classpath [resources/], classpath [static/], classpath [public/], ServletContext [/]]
2025-06-18T00:30:48.425-03:00 DEBUG 18364 --- [api-java-smart-contracts] [http-nio-8080-exec-3] o.s.w.s.r.ResourceHttpRequestHandler     : Resource not found
2025-06-18T00:30:48.425-03:00 DEBUG 18364 --- [api-java-smart-contracts] [http-nio-8080-exec-3] .w.s.m.s.DefaultHandlerExceptionResolver : Resolved [org.springframework.web.servlet.resource.NoResourceFoundException: No static resource .]
2025-06-18T00:30:48.426-03:00 DEBUG 18364 --- [api-java-smart-contracts] [http-nio-8080-exec-3] o.s.web.servlet.DispatcherServlet        : Completed 404 NOT_FOUND
2025-06-18T00:30:48.426-03:00 DEBUG 18364 --- [api-java-smart-contracts] [http-nio-8080-exec-3] o.s.web.servlet.DispatcherServlet        : "ERROR" dispatch for GET "/error", parameters={}
2025-06-18T00:30:48.427-03:00 DEBUG 18364 --- [api-java-smart-contracts] [http-nio-8080-exec-3] s.w.s.m.m.a.RequestMappingHandlerMapping : Mapped to org.springframework.boot.autoconfigure.web.servlet.error.BasicErrorController#error(HttpServletRequest)
2025-06-18T00:30:48.429-03:00 DEBUG 18364 --- [api-java-smart-contracts] [http-nio-8080-exec-3] o.s.w.s.m.m.a.HttpEntityMethodProcessor  : Using 'application/json', given [*/*] and supported [application/json, application/*+json]
2025-06-18T00:30:48.429-03:00 DEBUG 18364 --- [api-java-smart-contracts] [http-nio-8080-exec-3] o.s.w.s.m.m.a.HttpEntityMethodProcessor  : Writing [{timestamp=Wed Jun 18 00:30:48 BRT 2025, status=404, error=Not Found, path=/}]
2025-06-18T00:30:48.430-03:00 DEBUG 18364 --- [api-java-smart-contracts] [http-nio-8080-exec-3] o.s.web.servlet.DispatcherServlet        : Exiting from "ERROR" dispatch, status 404
2025-06-18T00:30:48.452-03:00 DEBUG 18364 --- [api-java-smart-contracts] [http-nio-8080-exec-4] o.s.web.servlet.DispatcherServlet        : GET "/loginMsg.js", parameters={}
2025-06-18T00:30:48.454-03:00 DEBUG 18364 --- [api-java-smart-contracts] [http-nio-8080-exec-4] o.s.w.s.handler.SimpleUrlHandlerMapping  : Mapped to ResourceHttpRequestHandler [classpath [META-INF/resources/], classpath [resources/], classpath [static/], classpath [public/], ServletContext [/]]
2025-06-18T00:30:48.455-03:00 DEBUG 18364 --- [api-java-smart-contracts] [http-nio-8080-exec-4] o.s.w.s.r.ResourceHttpRequestHandler     : Resource not found
2025-06-18T00:30:48.456-03:00 DEBUG 18364 --- [api-java-smart-contracts] [http-nio-8080-exec-4] .w.s.m.s.DefaultHandlerExceptionResolver : Resolved [org.springframework.web.servlet.resource.NoResourceFoundException: No static resource loginMsg.js.]
2025-06-18T00:30:48.456-03:00 DEBUG 18364 --- [api-java-smart-contracts] [http-nio-8080-exec-4] o.s.web.servlet.DispatcherServlet        : Completed 404 NOT_FOUND
2025-06-18T00:30:48.457-03:00 DEBUG 18364 --- [api-java-smart-contracts] [http-nio-8080-exec-4] o.s.web.servlet.DispatcherServlet        : "ERROR" dispatch for GET "/error", parameters={}
2025-06-18T00:30:48.457-03:00 DEBUG 18364 --- [api-java-smart-contracts] [http-nio-8080-exec-4] s.w.s.m.m.a.RequestMappingHandlerMapping : Mapped to org.springframework.boot.autoconfigure.web.servlet.error.BasicErrorController#error(HttpServletRequest)
2025-06-18T00:30:48.458-03:00 DEBUG 18364 --- [api-java-smart-contracts] [http-nio-8080-exec-4] o.s.w.s.m.m.a.HttpEntityMethodProcessor  : Using 'application/json', given [*/*] and supported [application/json, application/*+json]
2025-06-18T00:30:48.459-03:00 DEBUG 18364 --- [api-java-smart-contracts] [http-nio-8080-exec-4] o.s.w.s.m.m.a.HttpEntityMethodProcessor  : Writing [{timestamp=Wed Jun 18 00:30:48 BRT 2025, status=404, error=Not Found, path=/loginMsg.js}]
2025-06-18T00:30:48.460-03:00 DEBUG 18364 --- [api-java-smart-contracts] [http-nio-8080-exec-4] o.s.web.servlet.DispatcherServlet        : Exiting from "ERROR" dispatch, status 404
2025-06-18T00:30:48.473-03:00 DEBUG 18364 --- [api-java-smart-contracts] [http-nio-8080-exec-10] o.s.web.servlet.DispatcherServlet        : GET "/cgi/get.cgi?cmd=home_login", parameters={masked}
2025-06-18T00:30:48.474-03:00 DEBUG 18364 --- [api-java-smart-contracts] [http-nio-8080-exec-10] o.s.w.s.handler.SimpleUrlHandlerMapping  : Mapped to ResourceHttpRequestHandler [classpath [META-INF/resources/], classpath [resources/], classpath [static/], classpath [public/], ServletContext [/]]
2025-06-18T00:30:48.475-03:00 DEBUG 18364 --- [api-java-smart-contracts] [http-nio-8080-exec-10] o.s.w.s.r.ResourceHttpRequestHandler     : Resource not found
2025-06-18T00:30:48.476-03:00 DEBUG 18364 --- [api-java-smart-contracts] [http-nio-8080-exec-10] .w.s.m.s.DefaultHandlerExceptionResolver : Resolved [org.springframework.web.servlet.resource.NoResourceFoundException: No static resource cgi/get.cgi.]
2025-06-18T00:30:48.476-03:00 DEBUG 18364 --- [api-java-smart-contracts] [http-nio-8080-exec-10] o.s.web.servlet.DispatcherServlet        : Completed 404 NOT_FOUND
2025-06-18T00:30:48.477-03:00 DEBUG 18364 --- [api-java-smart-contracts] [http-nio-8080-exec-10] o.s.web.servlet.DispatcherServlet        : "ERROR" dispatch for GET "/error?cmd=home_login", parameters={masked}
2025-06-18T00:30:48.477-03:00 DEBUG 18364 --- [api-java-smart-contracts] [http-nio-8080-exec-10] s.w.s.m.m.a.RequestMappingHandlerMapping : Mapped to org.springframework.boot.autoconfigure.web.servlet.error.BasicErrorController#error(HttpServletRequest)
2025-06-18T00:30:48.478-03:00 DEBUG 18364 --- [api-java-smart-contracts] [http-nio-8080-exec-10] o.s.w.s.m.m.a.HttpEntityMethodProcessor  : Using 'application/json', given [*/*] and supported [application/json, application/*+json]
2025-06-18T00:30:48.478-03:00 DEBUG 18364 --- [api-java-smart-contracts] [http-nio-8080-exec-10] o.s.w.s.m.m.a.HttpEntityMethodProcessor  : Writing [{timestamp=Wed Jun 18 00:30:48 BRT 2025, status=404, error=Not Found, path=/cgi/get.cgi}]
2025-06-18T00:30:48.492-03:00 DEBUG 18364 --- [api-java-smart-contracts] [http-nio-8080-exec-10] o.s.web.servlet.DispatcherServlet        : Exiting from "ERROR" dispatch, status 404
2025-06-18T00:32:27.305-03:00 DEBUG 18364 --- [api-java-smart-contracts] [http-nio-8080-exec-8] o.s.web.servlet.DispatcherServlet        : GET "/", parameters={}
2025-06-18T00:32:27.307-03:00 DEBUG 18364 --- [api-java-smart-contracts] [http-nio-8080-exec-8] o.s.w.s.handler.SimpleUrlHandlerMapping  : Mapped to ResourceHttpRequestHandler [classpath [META-INF/resources/], classpath [resources/], classpath [static/], classpath [public/], ServletContext [/]]
2025-06-18T00:32:27.307-03:00 DEBUG 18364 --- [api-java-smart-contracts] [http-nio-8080-exec-8] o.s.w.s.r.ResourceHttpRequestHandler     : Resource not found
2025-06-18T00:32:27.308-03:00 DEBUG 18364 --- [api-java-smart-contracts] [http-nio-8080-exec-8] .w.s.m.s.DefaultHandlerExceptionResolver : Resolved [org.springframework.web.servlet.resource.NoResourceFoundException: No static resource .]
2025-06-18T00:32:27.308-03:00 DEBUG 18364 --- [api-java-smart-contracts] [http-nio-8080-exec-8] o.s.web.servlet.DispatcherServlet        : Completed 404 NOT_FOUND
2025-06-18T00:32:27.308-03:00 DEBUG 18364 --- [api-java-smart-contracts] [http-nio-8080-exec-8] o.s.web.servlet.DispatcherServlet        : "ERROR" dispatch for GET "/error", parameters={}
2025-06-18T00:32:27.309-03:00 DEBUG 18364 --- [api-java-smart-contracts] [http-nio-8080-exec-8] s.w.s.m.m.a.RequestMappingHandlerMapping : Mapped to org.springframework.boot.autoconfigure.web.servlet.error.BasicErrorController#error(HttpServletRequest)
2025-06-18T00:32:27.311-03:00 DEBUG 18364 --- [api-java-smart-contracts] [http-nio-8080-exec-8] o.s.w.s.m.m.a.HttpEntityMethodProcessor  : Using 'application/json', given [*/*] and supported [application/json, application/*+json]
2025-06-18T00:32:27.311-03:00 DEBUG 18364 --- [api-java-smart-contracts] [http-nio-8080-exec-8] o.s.w.s.m.m.a.HttpEntityMethodProcessor  : Writing [{timestamp=Wed Jun 18 00:32:27 BRT 2025, status=404, error=Not Found, path=/}]
2025-06-18T00:32:27.312-03:00 DEBUG 18364 --- [api-java-smart-contracts] [http-nio-8080-exec-8] o.s.web.servlet.DispatcherServlet        : Exiting from "ERROR" dispatch, status 404
2025-06-18T00:35:09.833-03:00  INFO 1980 --- [api-java-smart-contracts] [main] .a.ApiJavaSmartContractsApplicationTests : Starting ApiJavaSmartContractsApplicationTests using Java 21.0.7 with PID 1980 (started by DELL in C:\Users\DELL\api-java-smart-contracts)
2025-06-18T00:35:09.836-03:00  INFO 1980 --- [api-java-smart-contracts] [main] .a.ApiJavaSmartContractsApplicationTests : No active profile set, falling back to 1 default profile: "default"
2025-06-18T00:35:09.881-03:00 DEBUG 1980 --- [api-java-smart-contracts] [main] o.s.w.c.s.GenericWebApplicationContext   : Refreshing org.springframework.web.context.support.GenericWebApplicationContext@30c31dd7
2025-06-18T00:35:09.990-03:00  INFO 1980 --- [api-java-smart-contracts] [main] .a.ApiJavaSmartContractsApplicationTests : Started ApiJavaSmartContractsApplicationTests in 0.649 seconds (process running for 2.247)
2025-06-18T00:35:11.168-03:00  INFO 1980 --- [api-java-smart-contracts] [main] v.a.ApiJavaSmartContractsApplicationTest : Starting ApiJavaSmartContractsApplicationTest using Java 21.0.7 with PID 1980 (started by DELL in C:\Users\DELL\api-java-smart-contracts)
2025-06-18T00:35:11.169-03:00  INFO 1980 --- [api-java-smart-contracts] [main] v.a.ApiJavaSmartContractsApplicationTest : No active profile set, falling back to 1 default profile: "default"
2025-06-18T00:35:11.176-03:00 DEBUG 1980 --- [api-java-smart-contracts] [main] o.s.w.c.s.GenericWebApplicationContext   : Refreshing org.springframework.web.context.support.GenericWebApplicationContext@52b06bef
2025-06-18T00:35:11.189-03:00  INFO 1980 --- [api-java-smart-contracts] [main] v.a.ApiJavaSmartContractsApplicationTest : Started ApiJavaSmartContractsApplicationTest in 0.097 seconds (process running for 3.446)
2025-06-18T00:35:11.228-03:00 DEBUG 1980 --- [api-java-smart-contracts] [SpringApplicationShutdownHook] o.s.w.c.s.GenericWebApplicationContext   : Closing org.springframework.web.context.support.GenericWebApplicationContext@30c31dd7, started on Wed Jun 18 00:35:09 BRT 2025
2025-06-18T00:35:11.233-03:00 DEBUG 1980 --- [api-java-smart-contracts] [SpringApplicationShutdownHook] o.s.w.c.s.GenericWebApplicationContext   : Closing org.springframework.web.context.support.GenericWebApplicationContext@52b06bef, started on Wed Jun 18 00:35:11 BRT 2025
2025-06-18T00:47:10.241-03:00  INFO 16500 --- [api-java-smart-contracts] [main] .a.ApiJavaSmartContractsApplicationTests : Starting ApiJavaSmartContractsApplicationTests using Java 21.0.7 with PID 16500 (started by DELL in C:\Users\DELL\api-java-smart-contracts)
2025-06-18T00:47:10.245-03:00  INFO 16500 --- [api-java-smart-contracts] [main] .a.ApiJavaSmartContractsApplicationTests : No active profile set, falling back to 1 default profile: "default"
2025-06-18T00:47:10.309-03:00 DEBUG 16500 --- [api-java-smart-contracts] [main] o.s.w.c.s.GenericWebApplicationContext   : Refreshing org.springframework.web.context.support.GenericWebApplicationContext@30c31dd7
2025-06-18T00:47:10.493-03:00  INFO 16500 --- [api-java-smart-contracts] [main] .a.ApiJavaSmartContractsApplicationTests : Started ApiJavaSmartContractsApplicationTests in 1.098 seconds (process running for 2.782)
2025-06-18T00:47:11.648-03:00  INFO 16500 --- [api-java-smart-contracts] [main] v.a.ApiJavaSmartContractsApplicationTest : Starting ApiJavaSmartContractsApplicationTest using Java 21.0.7 with PID 16500 (started by DELL in C:\Users\DELL\api-java-smart-contracts)
2025-06-18T00:47:11.648-03:00  INFO 16500 --- [api-java-smart-contracts] [main] v.a.ApiJavaSmartContractsApplicationTest : No active profile set, falling back to 1 default profile: "default"
2025-06-18T00:47:11.654-03:00 DEBUG 16500 --- [api-java-smart-contracts] [main] o.s.w.c.s.GenericWebApplicationContext   : Refreshing org.springframework.web.context.support.GenericWebApplicationContext@52b06bef
2025-06-18T00:47:11.661-03:00  INFO 16500 --- [api-java-smart-contracts] [main] v.a.ApiJavaSmartContractsApplicationTest : Started ApiJavaSmartContractsApplicationTest in 0.079 seconds (process running for 3.952)
2025-06-18T00:47:11.696-03:00 DEBUG 16500 --- [api-java-smart-contracts] [SpringApplicationShutdownHook] o.s.w.c.s.GenericWebApplicationContext   : Closing org.springframework.web.context.support.GenericWebApplicationContext@30c31dd7, started on Wed Jun 18 00:47:10 BRT 2025
2025-06-18T00:47:11.699-03:00 DEBUG 16500 --- [api-java-smart-contracts] [SpringApplicationShutdownHook] o.s.w.c.s.GenericWebApplicationContext   : Closing org.springframework.web.context.support.GenericWebApplicationContext@52b06bef, started on Wed Jun 18 00:47:11 BRT 2025
2025-06-18T00:59:31.691-03:00  INFO 16228 --- [api-java-smart-contracts] [main] .a.ApiJavaSmartContractsApplicationTests : Starting ApiJavaSmartContractsApplicationTests using Java 21.0.7 with PID 16228 (started by DELL in C:\Users\DELL\api-java-smart-contracts)
2025-06-18T00:59:31.693-03:00  INFO 16228 --- [api-java-smart-contracts] [main] .a.ApiJavaSmartContractsApplicationTests : No active profile set, falling back to 1 default profile: "default"
2025-06-18T00:59:31.740-03:00 DEBUG 16228 --- [api-java-smart-contracts] [main] o.s.w.c.s.GenericWebApplicationContext   : Refreshing org.springframework.web.context.support.GenericWebApplicationContext@30c31dd7
2025-06-18T00:59:31.851-03:00  INFO 16228 --- [api-java-smart-contracts] [main] .a.ApiJavaSmartContractsApplicationTests : Started ApiJavaSmartContractsApplicationTests in 0.563 seconds (process running for 2.077)
2025-06-18T00:59:32.955-03:00  INFO 16228 --- [api-java-smart-contracts] [main] v.a.ApiJavaSmartContractsApplicationTest : Starting ApiJavaSmartContractsApplicationTest using Java 21.0.7 with PID 16228 (started by DELL in C:\Users\DELL\api-java-smart-contracts)
2025-06-18T00:59:32.958-03:00  INFO 16228 --- [api-java-smart-contracts] [main] v.a.ApiJavaSmartContractsApplicationTest : No active profile set, falling back to 1 default profile: "default"
2025-06-18T00:59:32.963-03:00 DEBUG 16228 --- [api-java-smart-contracts] [main] o.s.w.c.s.GenericWebApplicationContext   : Refreshing org.springframework.web.context.support.GenericWebApplicationContext@52b06bef
2025-06-18T00:59:32.974-03:00  INFO 16228 --- [api-java-smart-contracts] [main] v.a.ApiJavaSmartContractsApplicationTest : Started ApiJavaSmartContractsApplicationTest in 0.093 seconds (process running for 3.2)
2025-06-18T00:59:33.004-03:00 DEBUG 16228 --- [api-java-smart-contracts] [SpringApplicationShutdownHook] o.s.w.c.s.GenericWebApplicationContext   : Closing org.springframework.web.context.support.GenericWebApplicationContext@30c31dd7, started on Wed Jun 18 00:59:31 BRT 2025
2025-06-18T00:59:33.009-03:00 DEBUG 16228 --- [api-java-smart-contracts] [SpringApplicationShutdownHook] o.s.w.c.s.GenericWebApplicationContext   : Closing org.springframework.web.context.support.GenericWebApplicationContext@52b06bef, started on Wed Jun 18 00:59:32 BRT 2025
